Log file open, 03/16/23 17:13:38
LogWindows: Failed to load 'aqProf.dll' (GetLastError=126)
LogWindows: File 'aqProf.dll' does not exist
LogWindows: Failed to load 'VtuneApi.dll' (GetLastError=126)
LogWindows: File 'VtuneApi.dll' does not exist
LogWindows: Failed to load 'VtuneApi32e.dll' (GetLastError=126)
LogWindows: File 'VtuneApi32e.dll' does not exist
LogConsoleResponse: Display: Failed to find resolution value strings in scalability ini. Falling back to default.
LogConsoleResponse: Display: Failed to find resolution value strings in scalability ini. Falling back to default.
LogInit: Display: Running engine for game: MyProject2
LogPlatformFile: Not using cached read wrapper
LogTaskGraph: Started task graph with 5 named threads and 35 total threads with 3 sets of task threads.
LogStats: Stats thread started at 0.278433
LogICUInternationalization: ICU TimeZone Detection - Raw Offset: +2:00, Platform Override: ''
LogInit: Display: Loading text-based GConfig....
LogPluginManager: Mounting plugin MeshPainting
LogPluginManager: Mounting plugin XGEController
LogPluginManager: Mounting plugin Paper2D
LogPluginManager: Mounting plugin LiveLink
LogPluginManager: Mounting plugin AISupport
LogPluginManager: Mounting plugin OodleData
LogPluginManager: Mounting plugin LightPropagationVolume
LogPluginManager: Mounting plugin EnvironmentQueryEditor
LogPluginManager: Mounting plugin OodleNetwork
LogPluginManager: Mounting plugin DatasmithContent
LogPluginManager: Mounting plugin AssetManagerEditor
LogPluginManager: Mounting plugin VariantManagerContent
LogPluginManager: Mounting plugin CurveEditorTools
LogPluginManager: Mounting plugin CryptoKeys
LogPluginManager: Mounting plugin DataValidation
LogPluginManager: Mounting plugin GeometryMode
LogPluginManager: Mounting plugin FacialAnimation
LogPluginManager: Mounting plugin GameplayTagsEditor
LogPluginManager: Mounting plugin Niagara
LogPluginManager: Mounting plugin MacGraphicsSwitching
LogPluginManager: Mounting plugin MobileLauncherProfileWizard
LogPluginManager: Mounting plugin MaterialAnalyzer
LogPluginManager: Mounting plugin SpeedTreeImporter
LogPluginManager: Mounting plugin PluginBrowser
LogPluginManager: Mounting plugin AlembicImporter
LogPluginManager: Mounting plugin BackChannel
LogPluginManager: Mounting plugin AutomationUtils
LogPluginManager: Mounting plugin ChaosCloth
LogPluginManager: Mounting plugin ChaosEditor
LogPluginManager: Mounting plugin ChaosSolverPlugin
LogPluginManager: Mounting plugin ChaosNiagara
LogPluginManager: Mounting plugin ChaosClothEditor
LogPluginManager: Mounting plugin CharacterAI
LogPluginManager: Mounting plugin GeometryCache
LogPluginManager: Mounting plugin GeometryCollectionPlugin
LogPluginManager: Mounting plugin GeometryProcessing
LogPluginManager: Mounting plugin OpenImageDenoise
LogPluginManager: Mounting plugin MotoSynth
LogPluginManager: Mounting plugin PlanarCut
LogPluginManager: Mounting plugin PlatformCrypto
LogPluginManager: Mounting plugin ProxyLODPlugin
LogPluginManager: Mounting plugin PythonScriptPlugin
LogPluginManager: Mounting plugin SkeletalReduction
LogPluginManager: Mounting plugin AndroidMedia
LogPluginManager: Mounting plugin AvfMedia
LogPluginManager: Mounting plugin LuminPlatformFeatures
LogPluginManager: Mounting plugin MagicLeap
LogPluginManager: Mounting plugin ImgMedia
LogPluginManager: Mounting plugin MediaCompositing
LogPluginManager: Mounting plugin MediaPlayerEditor
LogPluginManager: Mounting plugin WebMMedia
LogPluginManager: Mounting plugin WmfMedia
LogPluginManager: Mounting plugin MagicLeapLightEstimation
LogPluginManager: Mounting plugin MagicLeapMedia
LogPluginManager: Mounting plugin MagicLeapPassableWorld
LogPluginManager: Mounting plugin TcpMessaging
LogPluginManager: Mounting plugin UdpMessaging
LogPluginManager: Mounting plugin ActorSequence
LogPluginManager: Mounting plugin LevelSequenceEditor
LogPluginManager: Mounting plugin MatineeToLevelSequence
LogPluginManager: Mounting plugin MLSDK
LogPluginManager: Mounting plugin TemplateSequence
LogPluginManager: Mounting plugin LauncherChunkInstaller
LogPluginManager: Mounting plugin ActorLayerUtilities
LogPluginManager: Mounting plugin AndroidDeviceProfileSelector
LogPluginManager: Mounting plugin AndroidMoviePlayer
LogPluginManager: Mounting plugin AndroidPermission
LogPluginManager: Mounting plugin AppleImageUtils
LogPluginManager: Mounting plugin AppleMoviePlayer
LogPluginManager: Mounting plugin ArchVisCharacter
LogPluginManager: Mounting plugin AssetTags
LogPluginManager: Mounting plugin AudioCapture
LogPluginManager: Mounting plugin CableComponent
LogPluginManager: Mounting plugin ChunkDownloader
LogPluginManager: Mounting plugin CustomMeshComponent
LogPluginManager: Mounting plugin AudioSynesthesia
LogPluginManager: Mounting plugin EditableMesh
LogPluginManager: Mounting plugin ExampleDeviceProfileSelector
LogPluginManager: Mounting plugin GoogleCloudMessaging
LogPluginManager: Mounting plugin GooglePAD
LogPluginManager: Mounting plugin OnlineSubsystem
LogPluginManager: Mounting plugin OnlineSubsystemNull
LogPluginManager: Mounting plugin OnlineSubsystemUtils
LogPluginManager: Mounting plugin IOSDeviceProfileSelector
LogPluginManager: Mounting plugin ScreenshotTools
LogPluginManager: Mounting plugin LinuxDeviceProfileSelector
LogPluginManager: Mounting plugin LocationServicesBPLibrary
LogPluginManager: Mounting plugin MobilePatchingUtils
LogPluginManager: Mounting plugin OpenXR
LogPluginManager: Mounting plugin OpenXREyeTracker
LogPluginManager: Mounting plugin OpenXRHandTracking
LogPluginManager: Mounting plugin PhysXVehicles
LogPluginManager: Mounting plugin PostSplashScreen
LogPluginManager: Mounting plugin ProceduralMeshComponent
LogPluginManager: Mounting plugin PropertyAccessEditor
LogPluginManager: Mounting plugin RuntimePhysXCooking
LogPluginManager: Mounting plugin SignificanceManager
LogPluginManager: Mounting plugin SoundFields
LogPluginManager: Mounting plugin Synthesis
LogPluginManager: Mounting plugin WebMMoviePlayer
LogPluginManager: Mounting plugin Takes
LogPluginManager: Mounting plugin WindowsMoviePlayer
LogPluginManager: Mounting plugin CameraShakePreviewer
LogPluginManager: Mounting plugin AnimationSharing
LogPluginManager: Mounting plugin CLionSourceCodeAccess
LogPluginManager: Mounting plugin CodeLiteSourceCodeAccess
LogPluginManager: Mounting plugin GameplayCameras
LogPluginManager: Mounting plugin GitSourceControl
LogPluginManager: Mounting plugin KDevelopSourceCodeAccess
LogPluginManager: Mounting plugin PerforceSourceControl
LogPluginManager: Mounting plugin PlasticSourceControl
LogPluginManager: Mounting plugin PixWinPlugin
LogPluginManager: Mounting plugin PluginUtils
LogPluginManager: Mounting plugin NullSourceCodeAccess
LogPluginManager: Mounting plugin PropertyAccessNode
LogPluginManager: Mounting plugin RiderSourceCodeAccess
LogPluginManager: Mounting plugin SubversionSourceControl
LogPluginManager: Mounting plugin TextureFormatOodle
LogPluginManager: Mounting plugin UObjectPlugin
LogPluginManager: Mounting plugin VisualStudioSourceCodeAccess
LogPluginManager: Mounting plugin XCodeSourceCodeAccess
LogPluginManager: Mounting plugin VisualStudioCodeSourceCodeAccess
LogPluginManager: Mounting plugin ContentBrowserAssetDataSource
LogPluginManager: Mounting plugin ContentBrowserClassDataSource
LogPluginManager: Mounting plugin ContentBrowserFileDataSource
LogPluginManager: Mounting plugin OnlineSubsystemGooglePlay
LogPluginManager: Mounting plugin OnlineSubsystemIOS
LogPluginManager: Mounting plugin SteamVR
LogPluginManager: Mounting plugin OculusVR
LogInit: Using libcurl 7.55.1-DEV
LogInit:  - built for x86_64-pc-win32
LogInit:  - supports SSL with OpenSSL/1.1.1
LogInit:  - supports HTTP deflate (compression) using libz 1.2.8
LogInit:  - other features:
LogInit:      CURL_VERSION_SSL
LogInit:      CURL_VERSION_LIBZ
LogInit:      CURL_VERSION_IPV6
LogInit:      CURL_VERSION_ASYNCHDNS
LogInit:      CURL_VERSION_LARGEFILE
LogInit:      CURL_VERSION_IDN
LogInit:  CurlRequestOptions (configurable via config and command line):
LogInit:  - bVerifyPeer = true  - Libcurl will verify peer certificate
LogInit:  - bUseHttpProxy = false  - Libcurl will NOT use HTTP proxy
LogInit:  - bDontReuseConnections = false  - Libcurl will reuse connections
LogInit:  - MaxHostConnections = 16  - Libcurl will limit the number of connections to a host
LogInit:  - LocalHostAddr = Default
LogInit:  - BufferSize = 65536
LogOnline: OSS: Creating online subsystem instance for: NULL
LogInit: WinSock: version 1.1 (2.2), MaxSocks=32767, MaxUdp=65467
LogOnline: OSS: TryLoadSubsystemAndSetDefault: Loaded subsystem for module [NULL]
PixWinPlugin: PIX capture plugin failed to initialize! Check that the process is launched from PIX.
LogOculusPluginWrapper: OculusPlugin initialized successfully
LogHMD: Failed initializing OVRPlugin 1.59.0
LogInit: Build: ++UE4+Release-4.27-CL-18319896
LogInit: Engine Version: 4.27.2-18319896+++UE4+Release-4.27
LogInit: Compatible Engine Version: 4.27.0-17155196+++UE4+Release-4.27
LogInit: Net CL: 17155196
LogInit: OS: Windows 10 (Release 2009) (), CPU: AMD Ryzen 5 5500U with Radeon Graphics         , GPU: AMD Radeon(TM) Graphics
LogInit: Compiled (64-bit): Nov 30 2021 07:12:08
LogInit: Compiled with Visual C++: 19.24.28315.00
LogInit: Build Configuration: Development
LogInit: Branch Name: ++UE4+Release-4.27
LogInit: Command Line: 
LogInit: Base Directory: C:/Program Files/Epic Games/UE_4.27/Engine/Binaries/Win64/
LogInit: Allocator: TBB
LogInit: Installed Engine Build: 1
LogDevObjectVersion: Number of dev versions registered: 29
LogDevObjectVersion:   Dev-Blueprints (B0D832E4-1F89-4F0D-ACCF-7EB736FD4AA2): 10
LogDevObjectVersion:   Dev-Build (E1C64328-A22C-4D53-A36C-8E866417BD8C): 0
LogDevObjectVersion:   Dev-Core (375EC13C-06E4-48FB-B500-84F0262A717E): 4
LogDevObjectVersion:   Dev-Editor (E4B068ED-F494-42E9-A231-DA0B2E46BB41): 40
LogDevObjectVersion:   Dev-Framework (CFFC743F-43B0-4480-9391-14DF171D2073): 37
LogDevObjectVersion:   Dev-Mobile (B02B49B5-BB20-44E9-A304-32B752E40360): 3
LogDevObjectVersion:   Dev-Networking (A4E4105C-59A1-49B5-A7C5-40C4547EDFEE): 0
LogDevObjectVersion:   Dev-Online (39C831C9-5AE6-47DC-9A44-9C173E1C8E7C): 0
LogDevObjectVersion:   Dev-Physics (78F01B33-EBEA-4F98-B9B4-84EACCB95AA2): 14
LogDevObjectVersion:   Dev-Platform (6631380F-2D4D-43E0-8009-CF276956A95A): 0
LogDevObjectVersion:   Dev-Rendering (12F88B9F-8875-4AFC-A67C-D90C383ABD29): 45
LogDevObjectVersion:   Dev-Sequencer (7B5AE74C-D270-4C10-A958-57980B212A5A): 13
LogDevObjectVersion:   Dev-VR (D7296918-1DD6-4BDD-9DE2-64A83CC13884): 3
LogDevObjectVersion:   Dev-LoadTimes (C2A15278-BFE7-4AFE-6C17-90FF531DF755): 1
LogDevObjectVersion:   Private-Geometry (6EACA3D4-40EC-4CC1-B786-8BED09428FC5): 3
LogDevObjectVersion:   Dev-AnimPhys (29E575DD-E0A3-4627-9D10-D276232CDCEA): 17
LogDevObjectVersion:   Dev-Anim (AF43A65D-7FD3-4947-9873-3E8ED9C1BB05): 15
LogDevObjectVersion:   Dev-ReflectionCapture (6B266CEC-1EC7-4B8F-A30B-E4D90942FC07): 1
LogDevObjectVersion:   Dev-Automation (0DF73D61-A23F-47EA-B727-89E90C41499A): 1
LogDevObjectVersion:   FortniteMain (601D1886-AC64-4F84-AA16-D3DE0DEAC7D6): 47
LogDevObjectVersion:   FortniteRelease (E7086368-6B23-4C58-8439-1B7016265E91): 1
LogDevObjectVersion:   Dev-Enterprise (9DFFBCD6-494F-0158-E221-12823C92A888): 10
LogDevObjectVersion:   Dev-Niagara (F2AED0AC-9AFE-416F-8664-AA7FFA26D6FC): 1
LogDevObjectVersion:   Dev-Destruction (174F1F0B-B4C6-45A5-B13F-2EE8D0FB917D): 10
LogDevObjectVersion:   Dev-Physics-Ext (35F94A83-E258-406C-A318-09F59610247C): 41
LogDevObjectVersion:   Dev-PhysicsMaterial-Chaos (B68FC16E-8B1B-42E2-B453-215C058844FE): 1
LogDevObjectVersion:   Dev-CineCamera (B2E18506-4273-CFC2-A54E-F4BB758BBA07): 1
LogDevObjectVersion:   Dev-VirtualProduction (64F58936-FD1B-42BA-BA96-7289D5D0FA4E): 1
LogDevObjectVersion:   Dev-MediaFramework (6F0ED827-A609-4895-9C91-998D90180EA4): 2
LogInit: Presizing for max 25165824 objects, including 0 objects not considered by GC, pre-allocating 0 bytes for permanent pool.
LogConfig: Applying CVar settings from Section [/Script/Engine.StreamingSettings] File [C:/Users/Дар'я/Documents/Unreal Projects/2/MyProject2/Saved/Config/Windows/Engine.ini]
LogConfig: Setting CVar [[s.MinBulkDataSizeForAsyncLoading:131072]]
LogConfig: Setting CVar [[s.AsyncLoadingThreadEnabled:0]]
LogConfig: Setting CVar [[s.EventDrivenLoaderEnabled:1]]
LogConfig: Setting CVar [[s.WarnIfTimeLimitExceeded:0]]
LogConfig: Setting CVar [[s.TimeLimitExceededMultiplier:1.5]]
LogConfig: Setting CVar [[s.TimeLimitExceededMinTime:0.005]]
LogConfig: Setting CVar [[s.UseBackgroundLevelStreaming:1]]
LogConfig: Setting CVar [[s.PriorityAsyncLoadingExtraTime:15.0]]
LogConfig: Setting CVar [[s.LevelStreamingActorsUpdateTimeLimit:5.0]]
LogConfig: Setting CVar [[s.PriorityLevelStreamingActorsUpdateExtraTime:5.0]]
LogConfig: Setting CVar [[s.LevelStreamingComponentsRegistrationGranularity:10]]
LogConfig: Setting CVar [[s.UnregisterComponentsTimeLimit:1.0]]
LogConfig: Setting CVar [[s.LevelStreamingComponentsUnregistrationGranularity:5]]
LogConfig: Setting CVar [[s.FlushStreamingOnExit:1]]
LogInit: Object subsystem initialized
LogConfig: Setting CVar [[con.DebugEarlyDefault:1]]
LogConfig: Setting CVar [[r.setres:1280x720]]
[2023.03.16-15.13.39:231][  0]LogConfig: Setting CVar [[r.VSync:0]]
[2023.03.16-15.13.39:231][  0]LogConfig: Setting CVar [[r.RHICmdBypass:0]]
[2023.03.16-15.13.39:231][  0]LogConfig: Applying CVar settings from Section [/Script/Engine.RendererSettings] File [C:/Users/Дар'я/Documents/Unreal Projects/2/MyProject2/Saved/Config/Windows/Engine.ini]
[2023.03.16-15.13.39:231][  0]LogConfig: Setting CVar [[r.GPUCrashDebugging:0]]
[2023.03.16-15.13.39:231][  0]LogConfig: Applying CVar settings from Section [/Script/Engine.RendererOverrideSettings] File [C:/Users/Дар'я/Documents/Unreal Projects/2/MyProject2/Saved/Config/Windows/Engine.ini]
[2023.03.16-15.13.39:231][  0]LogConfig: Applying CVar settings from Section [/Script/Engine.StreamingSettings] File [C:/Users/Дар'я/Documents/Unreal Projects/2/MyProject2/Saved/Config/Windows/Engine.ini]
[2023.03.16-15.13.39:231][  0]LogConfig: Setting CVar [[s.MinBulkDataSizeForAsyncLoading:131072]]
[2023.03.16-15.13.39:231][  0]LogConfig: Setting CVar [[s.AsyncLoadingThreadEnabled:0]]
[2023.03.16-15.13.39:231][  0]LogConfig: Setting CVar [[s.EventDrivenLoaderEnabled:1]]
[2023.03.16-15.13.39:231][  0]LogConfig: Setting CVar [[s.WarnIfTimeLimitExceeded:0]]
[2023.03.16-15.13.39:231][  0]LogConfig: Setting CVar [[s.TimeLimitExceededMultiplier:1.5]]
[2023.03.16-15.13.39:231][  0]LogConfig: Setting CVar [[s.TimeLimitExceededMinTime:0.005]]
[2023.03.16-15.13.39:231][  0]LogConfig: Setting CVar [[s.UseBackgroundLevelStreaming:1]]
[2023.03.16-15.13.39:231][  0]LogConfig: Setting CVar [[s.PriorityAsyncLoadingExtraTime:15.0]]
[2023.03.16-15.13.39:231][  0]LogConfig: Setting CVar [[s.LevelStreamingActorsUpdateTimeLimit:5.0]]
[2023.03.16-15.13.39:231][  0]LogConfig: Setting CVar [[s.PriorityLevelStreamingActorsUpdateExtraTime:5.0]]
[2023.03.16-15.13.39:231][  0]LogConfig: Setting CVar [[s.LevelStreamingComponentsRegistrationGranularity:10]]
[2023.03.16-15.13.39:231][  0]LogConfig: Setting CVar [[s.UnregisterComponentsTimeLimit:1.0]]
[2023.03.16-15.13.39:231][  0]LogConfig: Setting CVar [[s.LevelStreamingComponentsUnregistrationGranularity:5]]
[2023.03.16-15.13.39:231][  0]LogConfig: Setting CVar [[s.FlushStreamingOnExit:1]]
[2023.03.16-15.13.39:231][  0]LogConfig: Applying CVar settings from Section [/Script/Engine.GarbageCollectionSettings] File [C:/Users/Дар'я/Documents/Unreal Projects/2/MyProject2/Saved/Config/Windows/Engine.ini]
[2023.03.16-15.13.39:231][  0]LogConfig: Setting CVar [[gc.MaxObjectsNotConsideredByGC:1]]
[2023.03.16-15.13.39:231][  0]LogConfig: Setting CVar [[gc.SizeOfPermanentObjectPool:0]]
[2023.03.16-15.13.39:231][  0]LogConfig: Setting CVar [[gc.FlushStreamingOnGC:0]]
[2023.03.16-15.13.39:231][  0]LogConfig: Setting CVar [[gc.NumRetriesBeforeForcingGC:10]]
[2023.03.16-15.13.39:231][  0]LogConfig: Setting CVar [[gc.AllowParallelGC:1]]
[2023.03.16-15.13.39:231][  0]LogConfig: Setting CVar [[gc.TimeBetweenPurgingPendingKillObjects:61.1]]
[2023.03.16-15.13.39:231][  0]LogConfig: Setting CVar [[gc.MaxObjectsInEditor:25165824]]
[2023.03.16-15.13.39:231][  0]LogConfig: Setting CVar [[gc.IncrementalBeginDestroyEnabled:1]]
[2023.03.16-15.13.39:231][  0]LogConfig: Setting CVar [[gc.CreateGCClusters:1]]
[2023.03.16-15.13.39:231][  0]LogConfig: Setting CVar [[gc.MinGCClusterSize:5]]
[2023.03.16-15.13.39:231][  0]LogConfig: Setting CVar [[gc.ActorClusteringEnabled:0]]
[2023.03.16-15.13.39:231][  0]LogConfig: Setting CVar [[gc.BlueprintClusteringEnabled:0]]
[2023.03.16-15.13.39:231][  0]LogConfig: Setting CVar [[gc.UseDisregardForGCOnDedicatedServers:0]]
[2023.03.16-15.13.39:231][  0]LogConfig: Setting CVar [[gc.MultithreadedDestructionEnabled:1]]
[2023.03.16-15.13.39:231][  0]LogConfig: Applying CVar settings from Section [/Script/Engine.NetworkSettings] File [C:/Users/Дар'я/Documents/Unreal Projects/2/MyProject2/Saved/Config/Windows/Engine.ini]
[2023.03.16-15.13.39:231][  0]LogConfig: Applying CVar settings from Section [/Script/UnrealEd.CookerSettings] File [C:/Users/Дар'я/Documents/Unreal Projects/2/MyProject2/Saved/Config/Windows/Engine.ini]
[2023.03.16-15.13.39:236][  0]LogConfig: Applying CVar settings from Section [ViewDistanceQuality@3] File [C:/Users/Дар'я/Documents/Unreal Projects/2/MyProject2/Saved/Config/Windows/Scalability.ini]
[2023.03.16-15.13.39:236][  0]LogConfig: Setting CVar [[r.SkeletalMeshLODBias:0]]
[2023.03.16-15.13.39:236][  0]LogConfig: Setting CVar [[r.ViewDistanceScale:1.0]]
[2023.03.16-15.13.39:236][  0]LogConfig: Applying CVar settings from Section [AntiAliasingQuality@3] File [C:/Users/Дар'я/Documents/Unreal Projects/2/MyProject2/Saved/Config/Windows/Scalability.ini]
[2023.03.16-15.13.39:236][  0]LogConfig: Setting CVar [[r.PostProcessAAQuality:4]]
[2023.03.16-15.13.39:236][  0]LogConfig: Applying CVar settings from Section [ShadowQuality@3] File [C:/Users/Дар'я/Documents/Unreal Projects/2/MyProject2/Saved/Config/Windows/Scalability.ini]
[2023.03.16-15.13.39:236][  0]LogConfig: Setting CVar [[r.LightFunctionQuality:1]]
[2023.03.16-15.13.39:236][  0]LogConfig: Setting CVar [[r.ShadowQuality:5]]
[2023.03.16-15.13.39:236][  0]LogConfig: Setting CVar [[r.Shadow.CSM.MaxCascades:10]]
[2023.03.16-15.13.39:236][  0]LogConfig: Setting CVar [[r.Shadow.MaxResolution:2048]]
[2023.03.16-15.13.39:236][  0]LogConfig: Setting CVar [[r.Shadow.MaxCSMResolution:2048]]
[2023.03.16-15.13.39:236][  0]LogConfig: Setting CVar [[r.Shadow.RadiusThreshold:0.01]]
[2023.03.16-15.13.39:236][  0]LogConfig: Setting CVar [[r.Shadow.DistanceScale:1.0]]
[2023.03.16-15.13.39:236][  0]LogConfig: Setting CVar [[r.Shadow.CSM.TransitionScale:1.0]]
[2023.03.16-15.13.39:236][  0]LogConfig: Setting CVar [[r.Shadow.PreShadowResolutionFactor:1.0]]
[2023.03.16-15.13.39:236][  0]LogConfig: Setting CVar [[r.DistanceFieldShadowing:1]]
[2023.03.16-15.13.39:236][  0]LogConfig: Setting CVar [[r.DistanceFieldAO:1]]
[2023.03.16-15.13.39:236][  0]LogConfig: Setting CVar [[r.AOQuality:2]]
[2023.03.16-15.13.39:236][  0]LogConfig: Setting CVar [[r.VolumetricFog:1]]
[2023.03.16-15.13.39:236][  0]LogConfig: Setting CVar [[r.VolumetricFog.GridPixelSize:8]]
[2023.03.16-15.13.39:236][  0]LogConfig: Setting CVar [[r.VolumetricFog.GridSizeZ:128]]
[2023.03.16-15.13.39:236][  0]LogConfig: Setting CVar [[r.VolumetricFog.HistoryMissSupersampleCount:4]]
[2023.03.16-15.13.39:236][  0]LogConfig: Setting CVar [[r.LightMaxDrawDistanceScale:1]]
[2023.03.16-15.13.39:236][  0]LogConfig: Setting CVar [[r.CapsuleShadows:1]]
[2023.03.16-15.13.39:236][  0]LogConfig: Applying CVar settings from Section [PostProcessQuality@3] File [C:/Users/Дар'я/Documents/Unreal Projects/2/MyProject2/Saved/Config/Windows/Scalability.ini]
[2023.03.16-15.13.39:236][  0]LogConfig: Setting CVar [[r.MotionBlurQuality:4]]
[2023.03.16-15.13.39:236][  0]LogConfig: Setting CVar [[r.AmbientOcclusionMipLevelFactor:0.4]]
[2023.03.16-15.13.39:236][  0]LogConfig: Setting CVar [[r.AmbientOcclusionMaxQuality:100]]
[2023.03.16-15.13.39:236][  0]LogConfig: Setting CVar [[r.AmbientOcclusionLevels:-1]]
[2023.03.16-15.13.39:236][  0]LogConfig: Setting CVar [[r.AmbientOcclusionRadiusScale:1.0]]
[2023.03.16-15.13.39:236][  0]LogConfig: Setting CVar [[r.DepthOfFieldQuality:2]]
[2023.03.16-15.13.39:236][  0]LogConfig: Setting CVar [[r.RenderTargetPoolMin:400]]
[2023.03.16-15.13.39:236][  0]LogConfig: Setting CVar [[r.LensFlareQuality:2]]
[2023.03.16-15.13.39:236][  0]LogConfig: Setting CVar [[r.SceneColorFringeQuality:1]]
[2023.03.16-15.13.39:236][  0]LogConfig: Setting CVar [[r.EyeAdaptationQuality:2]]
[2023.03.16-15.13.39:236][  0]LogConfig: Setting CVar [[r.BloomQuality:5]]
[2023.03.16-15.13.39:236][  0]LogConfig: Setting CVar [[r.FastBlurThreshold:100]]
[2023.03.16-15.13.39:236][  0]LogConfig: Setting CVar [[r.Upscale.Quality:3]]
[2023.03.16-15.13.39:236][  0]LogConfig: Setting CVar [[r.Tonemapper.GrainQuantization:1]]
[2023.03.16-15.13.39:236][  0]LogConfig: Setting CVar [[r.LightShaftQuality:1]]
[2023.03.16-15.13.39:236][  0]LogConfig: Setting CVar [[r.Filter.SizeScale:1]]
[2023.03.16-15.13.39:236][  0]LogConfig: Setting CVar [[r.Tonemapper.Quality:5]]
[2023.03.16-15.13.39:236][  0]LogConfig: Setting CVar [[r.DOF.Gather.AccumulatorQuality:1        ; higher gathering accumulator quality]]
[2023.03.16-15.13.39:236][  0]LogConfig: Setting CVar [[r.DOF.Gather.PostfilterMethod:1          ; Median3x3 postfilering method]]
[2023.03.16-15.13.39:236][  0]LogConfig: Setting CVar [[r.DOF.Gather.EnableBokehSettings:0       ; no bokeh simulation when gathering]]
[2023.03.16-15.13.39:236][  0]LogConfig: Setting CVar [[r.DOF.Gather.RingCount:4                 ; medium number of samples when gathering]]
[2023.03.16-15.13.39:236][  0]LogConfig: Setting CVar [[r.DOF.Scatter.ForegroundCompositing:1    ; additive foreground scattering]]
[2023.03.16-15.13.39:236][  0]LogConfig: Setting CVar [[r.DOF.Scatter.BackgroundCompositing:2    ; additive background scattering]]
[2023.03.16-15.13.39:236][  0]LogConfig: Setting CVar [[r.DOF.Scatter.EnableBokehSettings:1      ; bokeh simulation when scattering]]
[2023.03.16-15.13.39:236][  0]LogConfig: Setting CVar [[r.DOF.Scatter.MaxSpriteRatio:0.1         ; only a maximum of 10% of scattered bokeh]]
[2023.03.16-15.13.39:236][  0]LogConfig: Setting CVar [[r.DOF.Recombine.Quality:1                ; cheap slight out of focus]]
[2023.03.16-15.13.39:236][  0]LogConfig: Setting CVar [[r.DOF.Recombine.EnableBokehSettings:0    ; no bokeh simulation on slight out of focus]]
[2023.03.16-15.13.39:236][  0]LogConfig: Setting CVar [[r.DOF.TemporalAAQuality:1                ; more stable temporal accumulation]]
[2023.03.16-15.13.39:236][  0]LogConfig: Setting CVar [[r.DOF.Kernel.MaxForegroundRadius:0.025]]
[2023.03.16-15.13.39:236][  0]LogConfig: Setting CVar [[r.DOF.Kernel.MaxBackgroundRadius:0.025]]
[2023.03.16-15.13.39:236][  0]LogConfig: Applying CVar settings from Section [TextureQuality@3] File [C:/Users/Дар'я/Documents/Unreal Projects/2/MyProject2/Saved/Config/Windows/Scalability.ini]
[2023.03.16-15.13.39:236][  0]LogConfig: Setting CVar [[r.Streaming.MipBias:0]]
[2023.03.16-15.13.39:236][  0]LogConfig: Setting CVar [[r.Streaming.AmortizeCPUToGPUCopy:0]]
[2023.03.16-15.13.39:237][  0]LogConfig: Setting CVar [[r.Streaming.MaxNumTexturesToStreamPerFrame:0]]
[2023.03.16-15.13.39:237][  0]LogConfig: Setting CVar [[r.Streaming.Boost:1]]
[2023.03.16-15.13.39:237][  0]LogConfig: Setting CVar [[r.MaxAnisotropy:8]]
[2023.03.16-15.13.39:237][  0]LogConfig: Setting CVar [[r.VT.MaxAnisotropy:8]]
[2023.03.16-15.13.39:237][  0]LogConfig: Setting CVar [[r.Streaming.LimitPoolSizeToVRAM:0]]
[2023.03.16-15.13.39:237][  0]LogConfig: Setting CVar [[r.Streaming.PoolSize:1000]]
[2023.03.16-15.13.39:237][  0]LogConfig: Setting CVar [[r.Streaming.MaxEffectiveScreenSize:0]]
[2023.03.16-15.13.39:237][  0]LogConfig: Applying CVar settings from Section [EffectsQuality@3] File [C:/Users/Дар'я/Documents/Unreal Projects/2/MyProject2/Saved/Config/Windows/Scalability.ini]
[2023.03.16-15.13.39:237][  0]LogConfig: Setting CVar [[r.TranslucencyLightingVolumeDim:64]]
[2023.03.16-15.13.39:237][  0]LogConfig: Setting CVar [[r.RefractionQuality:2]]
[2023.03.16-15.13.39:237][  0]LogConfig: Setting CVar [[r.SSR.Quality:3]]
[2023.03.16-15.13.39:237][  0]LogConfig: Setting CVar [[r.SSR.HalfResSceneColor:0]]
[2023.03.16-15.13.39:237][  0]LogConfig: Setting CVar [[r.SceneColorFormat:4]]
[2023.03.16-15.13.39:237][  0]LogConfig: Setting CVar [[r.DetailMode:2]]
[2023.03.16-15.13.39:237][  0]LogConfig: Setting CVar [[r.TranslucencyVolumeBlur:1]]
[2023.03.16-15.13.39:237][  0]LogConfig: Setting CVar [[r.MaterialQualityLevel:1 ; High quality]]
[2023.03.16-15.13.39:237][  0]LogConfig: Setting CVar [[r.AnisotropicMaterials:1]]
[2023.03.16-15.13.39:237][  0]LogConfig: Setting CVar [[r.SSS.Scale:1]]
[2023.03.16-15.13.39:237][  0]LogConfig: Setting CVar [[r.SSS.SampleSet:2]]
[2023.03.16-15.13.39:237][  0]LogConfig: Setting CVar [[r.SSS.Quality:1]]
[2023.03.16-15.13.39:237][  0]LogConfig: Setting CVar [[r.SSS.HalfRes:0]]
[2023.03.16-15.13.39:237][  0]LogConfig: Setting CVar [[r.SSGI.Quality:3]]
[2023.03.16-15.13.39:237][  0]LogConfig: Setting CVar [[r.EmitterSpawnRateScale:1.0]]
[2023.03.16-15.13.39:237][  0]LogConfig: Setting CVar [[r.ParticleLightQuality:2]]
[2023.03.16-15.13.39:237][  0]LogConfig: Setting CVar [[r.SkyAtmosphere.AerialPerspectiveLUT.FastApplyOnOpaque:1 ; Always have FastSkyLUT 1 in this case to avoid wrong sky]]
[2023.03.16-15.13.39:237][  0]LogConfig: Setting CVar [[r.SkyAtmosphere.AerialPerspectiveLUT.SampleCountMaxPerSlice:4]]
[2023.03.16-15.13.39:237][  0]LogConfig: Setting CVar [[r.SkyAtmosphere.AerialPerspectiveLUT.DepthResolution:16.0]]
[2023.03.16-15.13.39:237][  0]LogConfig: Setting CVar [[r.SkyAtmosphere.FastSkyLUT:1]]
[2023.03.16-15.13.39:237][  0]LogConfig: Setting CVar [[r.SkyAtmosphere.FastSkyLUT.SampleCountMin:4.0]]
[2023.03.16-15.13.39:237][  0]LogConfig: Setting CVar [[r.SkyAtmosphere.FastSkyLUT.SampleCountMax:128.0]]
[2023.03.16-15.13.39:237][  0]LogConfig: Setting CVar [[r.SkyAtmosphere.SampleCountMin:4.0]]
[2023.03.16-15.13.39:237][  0]LogConfig: Setting CVar [[r.SkyAtmosphere.SampleCountMax:128.0]]
[2023.03.16-15.13.39:237][  0]LogConfig: Setting CVar [[r.SkyAtmosphere.TransmittanceLUT.UseSmallFormat:0]]
[2023.03.16-15.13.39:237][  0]LogConfig: Setting CVar [[r.SkyAtmosphere.TransmittanceLUT.SampleCount:10.0]]
[2023.03.16-15.13.39:237][  0]LogConfig: Setting CVar [[r.SkyAtmosphere.MultiScatteringLUT.SampleCount:15.0]]
[2023.03.16-15.13.39:237][  0]LogConfig: Setting CVar [[r.SkyLight.RealTimeReflectionCapture:1]]
[2023.03.16-15.13.39:237][  0]LogConfig: Applying CVar settings from Section [FoliageQuality@3] File [C:/Users/Дар'я/Documents/Unreal Projects/2/MyProject2/Saved/Config/Windows/Scalability.ini]
[2023.03.16-15.13.39:237][  0]LogConfig: Setting CVar [[foliage.DensityScale:1.0]]
[2023.03.16-15.13.39:237][  0]LogConfig: Setting CVar [[grass.DensityScale:1.0]]
[2023.03.16-15.13.39:237][  0]LogConfig: Applying CVar settings from Section [ShadingQuality@3] File [C:/Users/Дар'я/Documents/Unreal Projects/2/MyProject2/Saved/Config/Windows/Scalability.ini]
[2023.03.16-15.13.39:237][  0]LogConfig: Setting CVar [[r.HairStrands.SkyLighting.IntegrationType:2]]
[2023.03.16-15.13.39:237][  0]LogConfig: Setting CVar [[r.HairStrands.SkyAO.SampleCount:4]]
[2023.03.16-15.13.39:237][  0]LogConfig: Setting CVar [[r.HairStrands.Visibility.MSAA.SamplePerPixel:4]]
[2023.03.16-15.13.39:237][  0]LogInit: Selected Device Profile: [Windows]
[2023.03.16-15.13.39:237][  0]LogInit: Applying CVar settings loaded from the selected device profile: [Windows]
[2023.03.16-15.13.39:237][  0]LogHAL: Display: Platform has ~ 14 GB [14887411712 / 17179869184 / 14], which maps to Larger [LargestMinGB=32, LargerMinGB=12, DefaultMinGB=8, SmallerMinGB=6, SmallestMinGB=0)
[2023.03.16-15.13.39:237][  0]LogInit: Going up to parent DeviceProfile []
[2023.03.16-15.13.39:237][  0]LogConfig: Applying CVar settings from Section [ViewDistanceQuality@3] File [C:/Users/Дар'я/Documents/Unreal Projects/2/MyProject2/Saved/Config/Windows/Scalability.ini]
[2023.03.16-15.13.39:237][  0]LogConfig: Setting CVar [[r.SkeletalMeshLODBias:0]]
[2023.03.16-15.13.39:237][  0]LogConfig: Setting CVar [[r.ViewDistanceScale:1.0]]
[2023.03.16-15.13.39:237][  0]LogConfig: Applying CVar settings from Section [AntiAliasingQuality@3] File [C:/Users/Дар'я/Documents/Unreal Projects/2/MyProject2/Saved/Config/Windows/Scalability.ini]
[2023.03.16-15.13.39:237][  0]LogConfig: Setting CVar [[r.PostProcessAAQuality:4]]
[2023.03.16-15.13.39:237][  0]LogConfig: Applying CVar settings from Section [ShadowQuality@3] File [C:/Users/Дар'я/Documents/Unreal Projects/2/MyProject2/Saved/Config/Windows/Scalability.ini]
[2023.03.16-15.13.39:237][  0]LogConfig: Setting CVar [[r.LightFunctionQuality:1]]
[2023.03.16-15.13.39:237][  0]LogConfig: Setting CVar [[r.ShadowQuality:5]]
[2023.03.16-15.13.39:237][  0]LogConfig: Setting CVar [[r.Shadow.CSM.MaxCascades:10]]
[2023.03.16-15.13.39:237][  0]LogConfig: Setting CVar [[r.Shadow.MaxResolution:2048]]
[2023.03.16-15.13.39:237][  0]LogConfig: Setting CVar [[r.Shadow.MaxCSMResolution:2048]]
[2023.03.16-15.13.39:237][  0]LogConfig: Setting CVar [[r.Shadow.RadiusThreshold:0.01]]
[2023.03.16-15.13.39:237][  0]LogConfig: Setting CVar [[r.Shadow.DistanceScale:1.0]]
[2023.03.16-15.13.39:238][  0]LogConfig: Setting CVar [[r.Shadow.CSM.TransitionScale:1.0]]
[2023.03.16-15.13.39:238][  0]LogConfig: Setting CVar [[r.Shadow.PreShadowResolutionFactor:1.0]]
[2023.03.16-15.13.39:238][  0]LogConfig: Setting CVar [[r.DistanceFieldShadowing:1]]
[2023.03.16-15.13.39:238][  0]LogConfig: Setting CVar [[r.DistanceFieldAO:1]]
[2023.03.16-15.13.39:238][  0]LogConfig: Setting CVar [[r.AOQuality:2]]
[2023.03.16-15.13.39:238][  0]LogConfig: Setting CVar [[r.VolumetricFog:1]]
[2023.03.16-15.13.39:238][  0]LogConfig: Setting CVar [[r.VolumetricFog.GridPixelSize:8]]
[2023.03.16-15.13.39:238][  0]LogConfig: Setting CVar [[r.VolumetricFog.GridSizeZ:128]]
[2023.03.16-15.13.39:238][  0]LogConfig: Setting CVar [[r.VolumetricFog.HistoryMissSupersampleCount:4]]
[2023.03.16-15.13.39:238][  0]LogConfig: Setting CVar [[r.LightMaxDrawDistanceScale:1]]
[2023.03.16-15.13.39:238][  0]LogConfig: Setting CVar [[r.CapsuleShadows:1]]
[2023.03.16-15.13.39:238][  0]LogConfig: Applying CVar settings from Section [PostProcessQuality@3] File [C:/Users/Дар'я/Documents/Unreal Projects/2/MyProject2/Saved/Config/Windows/Scalability.ini]
[2023.03.16-15.13.39:238][  0]LogConfig: Setting CVar [[r.MotionBlurQuality:4]]
[2023.03.16-15.13.39:238][  0]LogConfig: Setting CVar [[r.AmbientOcclusionMipLevelFactor:0.4]]
[2023.03.16-15.13.39:238][  0]LogConfig: Setting CVar [[r.AmbientOcclusionMaxQuality:100]]
[2023.03.16-15.13.39:238][  0]LogConfig: Setting CVar [[r.AmbientOcclusionLevels:-1]]
[2023.03.16-15.13.39:238][  0]LogConfig: Setting CVar [[r.AmbientOcclusionRadiusScale:1.0]]
[2023.03.16-15.13.39:238][  0]LogConfig: Setting CVar [[r.DepthOfFieldQuality:2]]
[2023.03.16-15.13.39:238][  0]LogConfig: Setting CVar [[r.RenderTargetPoolMin:400]]
[2023.03.16-15.13.39:238][  0]LogConfig: Setting CVar [[r.LensFlareQuality:2]]
[2023.03.16-15.13.39:238][  0]LogConfig: Setting CVar [[r.SceneColorFringeQuality:1]]
[2023.03.16-15.13.39:238][  0]LogConfig: Setting CVar [[r.EyeAdaptationQuality:2]]
[2023.03.16-15.13.39:238][  0]LogConfig: Setting CVar [[r.BloomQuality:5]]
[2023.03.16-15.13.39:238][  0]LogConfig: Setting CVar [[r.FastBlurThreshold:100]]
[2023.03.16-15.13.39:238][  0]LogConfig: Setting CVar [[r.Upscale.Quality:3]]
[2023.03.16-15.13.39:238][  0]LogConfig: Setting CVar [[r.Tonemapper.GrainQuantization:1]]
[2023.03.16-15.13.39:238][  0]LogConfig: Setting CVar [[r.LightShaftQuality:1]]
[2023.03.16-15.13.39:238][  0]LogConfig: Setting CVar [[r.Filter.SizeScale:1]]
[2023.03.16-15.13.39:238][  0]LogConfig: Setting CVar [[r.Tonemapper.Quality:5]]
[2023.03.16-15.13.39:238][  0]LogConfig: Setting CVar [[r.DOF.Gather.AccumulatorQuality:1        ; higher gathering accumulator quality]]
[2023.03.16-15.13.39:238][  0]LogConfig: Setting CVar [[r.DOF.Gather.PostfilterMethod:1          ; Median3x3 postfilering method]]
[2023.03.16-15.13.39:238][  0]LogConfig: Setting CVar [[r.DOF.Gather.EnableBokehSettings:0       ; no bokeh simulation when gathering]]
[2023.03.16-15.13.39:238][  0]LogConfig: Setting CVar [[r.DOF.Gather.RingCount:4                 ; medium number of samples when gathering]]
[2023.03.16-15.13.39:238][  0]LogConfig: Setting CVar [[r.DOF.Scatter.ForegroundCompositing:1    ; additive foreground scattering]]
[2023.03.16-15.13.39:238][  0]LogConfig: Setting CVar [[r.DOF.Scatter.BackgroundCompositing:2    ; additive background scattering]]
[2023.03.16-15.13.39:238][  0]LogConfig: Setting CVar [[r.DOF.Scatter.EnableBokehSettings:1      ; bokeh simulation when scattering]]
[2023.03.16-15.13.39:238][  0]LogConfig: Setting CVar [[r.DOF.Scatter.MaxSpriteRatio:0.1         ; only a maximum of 10% of scattered bokeh]]
[2023.03.16-15.13.39:238][  0]LogConfig: Setting CVar [[r.DOF.Recombine.Quality:1                ; cheap slight out of focus]]
[2023.03.16-15.13.39:238][  0]LogConfig: Setting CVar [[r.DOF.Recombine.EnableBokehSettings:0    ; no bokeh simulation on slight out of focus]]
[2023.03.16-15.13.39:238][  0]LogConfig: Setting CVar [[r.DOF.TemporalAAQuality:1                ; more stable temporal accumulation]]
[2023.03.16-15.13.39:238][  0]LogConfig: Setting CVar [[r.DOF.Kernel.MaxForegroundRadius:0.025]]
[2023.03.16-15.13.39:238][  0]LogConfig: Setting CVar [[r.DOF.Kernel.MaxBackgroundRadius:0.025]]
[2023.03.16-15.13.39:238][  0]LogConfig: Applying CVar settings from Section [TextureQuality@3] File [C:/Users/Дар'я/Documents/Unreal Projects/2/MyProject2/Saved/Config/Windows/Scalability.ini]
[2023.03.16-15.13.39:238][  0]LogConfig: Setting CVar [[r.Streaming.MipBias:0]]
[2023.03.16-15.13.39:238][  0]LogConfig: Setting CVar [[r.Streaming.AmortizeCPUToGPUCopy:0]]
[2023.03.16-15.13.39:238][  0]LogConfig: Setting CVar [[r.Streaming.MaxNumTexturesToStreamPerFrame:0]]
[2023.03.16-15.13.39:238][  0]LogConfig: Setting CVar [[r.Streaming.Boost:1]]
[2023.03.16-15.13.39:238][  0]LogConfig: Setting CVar [[r.MaxAnisotropy:8]]
[2023.03.16-15.13.39:238][  0]LogConfig: Setting CVar [[r.VT.MaxAnisotropy:8]]
[2023.03.16-15.13.39:238][  0]LogConfig: Setting CVar [[r.Streaming.LimitPoolSizeToVRAM:0]]
[2023.03.16-15.13.39:238][  0]LogConfig: Setting CVar [[r.Streaming.PoolSize:1000]]
[2023.03.16-15.13.39:238][  0]LogConfig: Setting CVar [[r.Streaming.MaxEffectiveScreenSize:0]]
[2023.03.16-15.13.39:238][  0]LogConfig: Applying CVar settings from Section [EffectsQuality@3] File [C:/Users/Дар'я/Documents/Unreal Projects/2/MyProject2/Saved/Config/Windows/Scalability.ini]
[2023.03.16-15.13.39:238][  0]LogConfig: Setting CVar [[r.TranslucencyLightingVolumeDim:64]]
[2023.03.16-15.13.39:238][  0]LogConfig: Setting CVar [[r.RefractionQuality:2]]
[2023.03.16-15.13.39:238][  0]LogConfig: Setting CVar [[r.SSR.Quality:3]]
[2023.03.16-15.13.39:238][  0]LogConfig: Setting CVar [[r.SSR.HalfResSceneColor:0]]
[2023.03.16-15.13.39:238][  0]LogConfig: Setting CVar [[r.SceneColorFormat:4]]
[2023.03.16-15.13.39:238][  0]LogConfig: Setting CVar [[r.DetailMode:2]]
[2023.03.16-15.13.39:238][  0]LogConfig: Setting CVar [[r.TranslucencyVolumeBlur:1]]
[2023.03.16-15.13.39:238][  0]LogConfig: Setting CVar [[r.MaterialQualityLevel:1 ; High quality]]
[2023.03.16-15.13.39:238][  0]LogConfig: Setting CVar [[r.AnisotropicMaterials:1]]
[2023.03.16-15.13.39:238][  0]LogConfig: Setting CVar [[r.SSS.Scale:1]]
[2023.03.16-15.13.39:238][  0]LogConfig: Setting CVar [[r.SSS.SampleSet:2]]
[2023.03.16-15.13.39:238][  0]LogConfig: Setting CVar [[r.SSS.Quality:1]]
[2023.03.16-15.13.39:238][  0]LogConfig: Setting CVar [[r.SSS.HalfRes:0]]
[2023.03.16-15.13.39:238][  0]LogConfig: Setting CVar [[r.SSGI.Quality:3]]
[2023.03.16-15.13.39:238][  0]LogConfig: Setting CVar [[r.EmitterSpawnRateScale:1.0]]
[2023.03.16-15.13.39:238][  0]LogConfig: Setting CVar [[r.ParticleLightQuality:2]]
[2023.03.16-15.13.39:239][  0]LogConfig: Setting CVar [[r.SkyAtmosphere.AerialPerspectiveLUT.FastApplyOnOpaque:1 ; Always have FastSkyLUT 1 in this case to avoid wrong sky]]
[2023.03.16-15.13.39:239][  0]LogConfig: Setting CVar [[r.SkyAtmosphere.AerialPerspectiveLUT.SampleCountMaxPerSlice:4]]
[2023.03.16-15.13.39:239][  0]LogConfig: Setting CVar [[r.SkyAtmosphere.AerialPerspectiveLUT.DepthResolution:16.0]]
[2023.03.16-15.13.39:239][  0]LogConfig: Setting CVar [[r.SkyAtmosphere.FastSkyLUT:1]]
[2023.03.16-15.13.39:239][  0]LogConfig: Setting CVar [[r.SkyAtmosphere.FastSkyLUT.SampleCountMin:4.0]]
[2023.03.16-15.13.39:239][  0]LogConfig: Setting CVar [[r.SkyAtmosphere.FastSkyLUT.SampleCountMax:128.0]]
[2023.03.16-15.13.39:239][  0]LogConfig: Setting CVar [[r.SkyAtmosphere.SampleCountMin:4.0]]
[2023.03.16-15.13.39:239][  0]LogConfig: Setting CVar [[r.SkyAtmosphere.SampleCountMax:128.0]]
[2023.03.16-15.13.39:239][  0]LogConfig: Setting CVar [[r.SkyAtmosphere.TransmittanceLUT.UseSmallFormat:0]]
[2023.03.16-15.13.39:239][  0]LogConfig: Setting CVar [[r.SkyAtmosphere.TransmittanceLUT.SampleCount:10.0]]
[2023.03.16-15.13.39:239][  0]LogConfig: Setting CVar [[r.SkyAtmosphere.MultiScatteringLUT.SampleCount:15.0]]
[2023.03.16-15.13.39:239][  0]LogConfig: Setting CVar [[r.SkyLight.RealTimeReflectionCapture:1]]
[2023.03.16-15.13.39:239][  0]LogConfig: Applying CVar settings from Section [FoliageQuality@3] File [C:/Users/Дар'я/Documents/Unreal Projects/2/MyProject2/Saved/Config/Windows/Scalability.ini]
[2023.03.16-15.13.39:239][  0]LogConfig: Setting CVar [[foliage.DensityScale:1.0]]
[2023.03.16-15.13.39:239][  0]LogConfig: Setting CVar [[grass.DensityScale:1.0]]
[2023.03.16-15.13.39:239][  0]LogConfig: Applying CVar settings from Section [ShadingQuality@3] File [C:/Users/Дар'я/Documents/Unreal Projects/2/MyProject2/Saved/Config/Windows/Scalability.ini]
[2023.03.16-15.13.39:239][  0]LogConfig: Setting CVar [[r.HairStrands.SkyLighting.IntegrationType:2]]
[2023.03.16-15.13.39:239][  0]LogConfig: Setting CVar [[r.HairStrands.SkyAO.SampleCount:4]]
[2023.03.16-15.13.39:239][  0]LogConfig: Setting CVar [[r.HairStrands.Visibility.MSAA.SamplePerPixel:4]]
[2023.03.16-15.13.39:239][  0]LogConfig: Applying CVar settings from Section [Startup] File [../../../Engine/Config/ConsoleVariables.ini]
[2023.03.16-15.13.39:239][  0]LogConfig: Setting CVar [[net.UseAdaptiveNetUpdateFrequency:0]]
[2023.03.16-15.13.39:239][  0]LogConfig: Setting CVar [[p.chaos.AllowCreatePhysxBodies:1]]
[2023.03.16-15.13.39:239][  0]LogConfig: Setting CVar [[fx.SkipVectorVMBackendOptimizations:1]]
[2023.03.16-15.13.39:239][  0]LogConfig: Applying CVar settings from Section [ConsoleVariables] File [C:/Users/Дар'я/Documents/Unreal Projects/2/MyProject2/Saved/Config/Windows/Engine.ini]
[2023.03.16-15.13.39:239][  0]LogConfig: Applying CVar settings from Section [ConsoleVariables] File [C:/Users/Дар'я/Documents/Unreal Projects/2/MyProject2/Saved/Config/Windows/Editor.ini]
[2023.03.16-15.13.39:239][  0]LogInit: Computer: DESKTOP-RLQCT4O
[2023.03.16-15.13.39:239][  0]LogInit: User: Даря
[2023.03.16-15.13.39:239][  0]LogInit: CPU Page size=4096, Cores=6
[2023.03.16-15.13.39:239][  0]LogInit: High frequency timer resolution =10.000000 MHz
[2023.03.16-15.13.39:239][  0]LogMemory: Memory total: Physical=13.9GB (14GB approx)
[2023.03.16-15.13.39:239][  0]LogMemory: Platform Memory Stats for Windows
[2023.03.16-15.13.39:240][  0]LogMemory: Process Physical Memory: 146.20 MB used, 146.21 MB peak
[2023.03.16-15.13.39:240][  0]LogMemory: Process Virtual Memory: 132.35 MB used, 132.35 MB peak
[2023.03.16-15.13.39:240][  0]LogMemory: Physical Memory: 8985.60 MB used,  5212.14 MB free, 14197.74 MB total
[2023.03.16-15.13.39:240][  0]LogMemory: Virtual Memory: 134203824.00 MB used,  13902.73 MB free, 134217728.00 MB total
[2023.03.16-15.13.39:245][  0]LogWindows: WindowsPlatformFeatures enabled
[2023.03.16-15.13.39:272][  0]LogInit: Physics initialised using underlying interface: PhysX
[2023.03.16-15.13.39:273][  0]LogInit: Using OS detected language (uk-UA).
[2023.03.16-15.13.39:273][  0]LogInit: Using OS detected locale (uk-UA).
[2023.03.16-15.13.39:279][  0]LogTextLocalizationManager: No localization for 'uk-UA' exists, so 'en' will be used for the language.
[2023.03.16-15.13.39:506][  0]LogInit: Setting process to per monitor DPI aware
[2023.03.16-15.13.39:520][  0]LogWindowsTextInputMethodSystem: Display: IME system deactivated.
[2023.03.16-15.13.39:533][  0]LogSlate: New Slate User Created.  User Index 0, Is Virtual User: 0
[2023.03.16-15.13.39:533][  0]LogSlate: Slate User Registered.  User Index 0, Is Virtual User: 0
[2023.03.16-15.13.39:688][  0]LogD3D11RHI: Loaded GFSDK_Aftermath_Lib.x64.dll
[2023.03.16-15.13.39:691][  0]LogHMD: Failed to initialize OpenVR with code 110
[2023.03.16-15.13.39:691][  0]LogD3D11RHI: D3D11 min allowed feature level: 11_0
[2023.03.16-15.13.39:691][  0]LogD3D11RHI: D3D11 max allowed feature level: 11_0
[2023.03.16-15.13.39:691][  0]LogD3D11RHI: D3D11 adapters:
[2023.03.16-15.13.39:746][  0]LogD3D11RHI:    0. 'AMD Radeon(TM) Graphics' (Feature Level 11_0)
[2023.03.16-15.13.39:747][  0]LogD3D11RHI:       2031/0/7098 MB DedicatedVideo/DedicatedSystem/SharedSystem, Outputs:1, VendorId:0x1002
[2023.03.16-15.13.39:749][  0]LogD3D11RHI:    1. 'Microsoft Basic Render Driver' (Feature Level 11_0)
[2023.03.16-15.13.39:749][  0]LogD3D11RHI:       0/0/7098 MB DedicatedVideo/DedicatedSystem/SharedSystem, Outputs:0, VendorId:0x1414
[2023.03.16-15.13.39:749][  0]LogD3D11RHI: Chosen D3D11 Adapter:
[2023.03.16-15.13.39:749][  0]LogD3D11RHI:     Description : AMD Radeon(TM) Graphics
[2023.03.16-15.13.39:749][  0]LogD3D11RHI:     VendorId    : 1002
[2023.03.16-15.13.39:749][  0]LogD3D11RHI:     DeviceId    : 164c
[2023.03.16-15.13.39:749][  0]LogD3D11RHI:     SubSysId    : 3f9517aa
[2023.03.16-15.13.39:749][  0]LogD3D11RHI:     Revision    : 00c2
[2023.03.16-15.13.39:749][  0]LogD3D11RHI:     DedicatedVideoMemory : 2130247680 bytes
[2023.03.16-15.13.39:749][  0]LogD3D11RHI:     DedicatedSystemMemory : 0 bytes
[2023.03.16-15.13.39:749][  0]LogD3D11RHI:     SharedSystemMemory : 7443705856 bytes
[2023.03.16-15.13.39:749][  0]LogD3D11RHI:     AdapterLuid : 0 52407
[2023.03.16-15.13.39:757][  0]LogD3D11RHI: Creating new Direct3DDevice
[2023.03.16-15.13.39:757][  0]LogD3D11RHI:     GPU DeviceId: 0x164c (for the marketing name, search the web for "GPU Device Id")
[2023.03.16-15.13.39:757][  0]LogWindows: EnumDisplayDevices:
[2023.03.16-15.13.39:757][  0]LogWindows:    0. 'AMD Radeon(TM) Graphics' (P:1 D:1)
[2023.03.16-15.13.39:758][  0]LogWindows:    1. 'AMD Radeon(TM) Graphics' (P:0 D:0)
[2023.03.16-15.13.39:758][  0]LogWindows:    2. 'AMD Radeon(TM) Graphics' (P:0 D:0)
[2023.03.16-15.13.39:758][  0]LogWindows: DebugString: FoundDriverCount:3 
[2023.03.16-15.13.39:758][  0]LogD3D11RHI:     Adapter Name: AMD Radeon(TM) Graphics
[2023.03.16-15.13.39:758][  0]LogD3D11RHI:   Driver Version: AMD Software: Adrenalin Edition 23.2.2 (internal:31.0.14033.1012, unified:31.0.14033.1012)
[2023.03.16-15.13.39:758][  0]LogD3D11RHI:      Driver Date: 2-17-2023
[2023.03.16-15.13.39:758][  0]LogRHI: Texture pool is 5892 MB (70% of 8417 MB)
[2023.03.16-15.13.39:770][  0]LogD3D11RHI: Creating D3DDevice with AMD AGS, using adapter:
[2023.03.16-15.13.39:770][  0]LogD3D11RHI:     Description : AMD Radeon(TM) Graphics
[2023.03.16-15.13.39:770][  0]LogD3D11RHI:     VendorId    : 1002
[2023.03.16-15.13.39:770][  0]LogD3D11RHI:     DeviceId    : 164c
[2023.03.16-15.13.39:770][  0]LogD3D11RHI:     SubSysId    : 3f9517aa
[2023.03.16-15.13.39:770][  0]LogD3D11RHI:     Revision    : 00c2
[2023.03.16-15.13.39:770][  0]LogD3D11RHI:     DedicatedVideoMemory : 2130247680 bytes
[2023.03.16-15.13.39:770][  0]LogD3D11RHI:     DedicatedSystemMemory : 0 bytes
[2023.03.16-15.13.39:770][  0]LogD3D11RHI:     SharedSystemMemory : 7443705856 bytes
[2023.03.16-15.13.39:770][  0]LogD3D11RHI:     AdapterLuid : 0 52407
[2023.03.16-15.13.39:824][  0]LogD3D11RHI: Created device via AGS, feature level 11_0, supported extensions 1fffffbf.
[2023.03.16-15.13.39:824][  0]LogD3D11RHI: RHI has support for 64 bit atomics
[2023.03.16-15.13.39:824][  0]LogD3D11RHI: Async texture creation enabled
[2023.03.16-15.13.39:824][  0]LogD3D11RHI: Array index from any shader is supported
[2023.03.16-15.13.39:837][  0]LogD3D11RHI: GPU Timing Frequency: 100.000000 (Debug: 2 1)
[2023.03.16-15.13.40:196][  0]LogTargetPlatformManager: Display: Loaded TargetPlatform 'AllDesktop'
[2023.03.16-15.13.40:222][  0]LogTargetPlatformManager: Display: Loaded TargetPlatform 'Android'
[2023.03.16-15.13.40:222][  0]LogTargetPlatformManager: Display: Loaded TargetPlatform 'Android_ASTC'
[2023.03.16-15.13.40:222][  0]LogTargetPlatformManager: Display: Loaded TargetPlatform 'Android_DXT'
[2023.03.16-15.13.40:222][  0]LogTargetPlatformManager: Display: Loaded TargetPlatform 'Android_ETC2'
[2023.03.16-15.13.40:222][  0]LogTargetPlatformManager: Display: Loaded TargetPlatform 'AndroidClient'
[2023.03.16-15.13.40:222][  0]LogTargetPlatformManager: Display: Loaded TargetPlatform 'Android_ASTCClient'
[2023.03.16-15.13.40:222][  0]LogTargetPlatformManager: Display: Loaded TargetPlatform 'Android_DXTClient'
[2023.03.16-15.13.40:222][  0]LogTargetPlatformManager: Display: Loaded TargetPlatform 'Android_ETC2Client'
[2023.03.16-15.13.40:222][  0]LogTargetPlatformManager: Display: Loaded TargetPlatform 'Android_Multi'
[2023.03.16-15.13.40:222][  0]LogTargetPlatformManager: Display: Loaded TargetPlatform 'Android_MultiClient'
[2023.03.16-15.13.40:242][  0]LogTargetPlatformManager: Display: Loaded TargetPlatform 'IOSClient'
[2023.03.16-15.13.40:242][  0]LogTargetPlatformManager: Display: Loaded TargetPlatform 'IOS'
[2023.03.16-15.13.40:252][  0]LogTargetPlatformManager: Display: Loaded TargetPlatform 'Linux'
[2023.03.16-15.13.40:257][  0]LogTargetPlatformManager: Display: Loaded TargetPlatform 'LinuxNoEditor'
[2023.03.16-15.13.40:262][  0]LogTargetPlatformManager: Display: Loaded TargetPlatform 'LinuxClient'
[2023.03.16-15.13.40:267][  0]LogTargetPlatformManager: Display: Loaded TargetPlatform 'LinuxServer'
[2023.03.16-15.13.40:276][  0]LogTargetPlatformManager: Display: Loaded TargetPlatform 'LinuxAArch64NoEditor'
[2023.03.16-15.13.40:281][  0]LogTargetPlatformManager: Display: Loaded TargetPlatform 'LinuxAArch64Client'
[2023.03.16-15.13.40:286][  0]LogTargetPlatformManager: Display: Loaded TargetPlatform 'LinuxAArch64Server'
[2023.03.16-15.13.40:310][  0]LogTargetPlatformManager: Display: Loaded TargetPlatform 'Lumin'
[2023.03.16-15.13.40:311][  0]LogTargetPlatformManager: Display: Loaded TargetPlatform 'LuminClient'
[2023.03.16-15.13.40:319][  0]LogTargetPlatformManager: Display: Loaded TargetPlatform 'MacNoEditor'
[2023.03.16-15.13.40:324][  0]LogTargetPlatformManager: Display: Loaded TargetPlatform 'Mac'
[2023.03.16-15.13.40:329][  0]LogTargetPlatformManager: Display: Loaded TargetPlatform 'MacClient'
[2023.03.16-15.13.40:334][  0]LogTargetPlatformManager: Display: Loaded TargetPlatform 'MacServer'
[2023.03.16-15.13.40:345][  0]LogTargetPlatformManager: Display: Loaded TargetPlatform 'TVOSClient'
[2023.03.16-15.13.40:345][  0]LogTargetPlatformManager: Display: Loaded TargetPlatform 'TVOS'
[2023.03.16-15.13.40:353][  0]LogTargetPlatformManager: Display: Loaded TargetPlatform 'WindowsNoEditor'
[2023.03.16-15.13.40:359][  0]LogTargetPlatformManager: Display: Loaded TargetPlatform 'Windows'
[2023.03.16-15.13.40:364][  0]LogTargetPlatformManager: Display: Loaded TargetPlatform 'WindowsClient'
[2023.03.16-15.13.40:369][  0]LogTargetPlatformManager: Display: Loaded TargetPlatform 'WindowsServer'
[2023.03.16-15.13.40:369][  0]LogTargetPlatformManager: Display: Building Assets For Windows
[2023.03.16-15.13.40:379][  0]LogAudioDebug: Display: Lib vorbis DLL was dynamically loaded.
[2023.03.16-15.13.40:414][  0]LogTextureFormatOodle: Display: Oodle Texture 2.9.0 init RDO Off
[2023.03.16-15.13.40:449][  0]LogRendererCore: Ray tracing is disabled. Reason: r.RayTracing=0.
[2023.03.16-15.13.40:449][  0]LogShaderCompilers: Guid format shader working directory is -23 characters bigger than the processId version (../../../../../../Users/Дар'я/Documents/Unreal Projects/2/MyProject2/Intermediate/Shaders/WorkingDirectory/14108/).
[2023.03.16-15.13.40:449][  0]LogShaderCompilers: Cleaned the shader compiler working directory 'C:/Users/Дар'я/AppData/Local/Temp/UnrealShaderWorkingDir/91F09B8740996F090AFF00BB0365AEB8/'.
[2023.03.16-15.13.40:449][  0]LogXGEController: Cannot use XGE Controller as Incredibuild is not installed on this machine.
[2023.03.16-15.13.40:449][  0]LogShaderCompilers: Cannot use XGE Shader Compiler as Incredibuild is not installed on this machine.
[2023.03.16-15.13.40:449][  0]LogShaderCompilers: Display: Using Local Shader Compiler.
[2023.03.16-15.13.41:121][  0]LogDerivedDataCache: Display: Max Cache Size: 512 MB
[2023.03.16-15.13.41:181][  0]LogDerivedDataCache: Loaded boot cache 0.06s 94MB C:/Users/Дар'я/AppData/Local/UnrealEngine/4.27/DerivedDataCache/Boot.ddc.
[2023.03.16-15.13.41:181][  0]LogDerivedDataCache: Display: Loaded Boot cache: C:/Users/Дар'я/AppData/Local/UnrealEngine/4.27/DerivedDataCache/Boot.ddc
[2023.03.16-15.13.41:181][  0]LogDerivedDataCache: FDerivedDataBackendGraph:  Pak pak cache file ../../../../../../Users/Дар'я/Documents/Unreal Projects/2/MyProject2/DerivedDataCache/DDC.ddp not found, will not use a pak cache.
[2023.03.16-15.13.41:181][  0]LogDerivedDataCache: Unable to find inner node Pak for hierarchical cache Hierarchy.
[2023.03.16-15.13.41:181][  0]LogDerivedDataCache: FDerivedDataBackendGraph:  CompressedPak pak cache file ../../../../../../Users/Дар'я/Documents/Unreal Projects/2/MyProject2/DerivedDataCache/Compressed.ddp not found, will not use a pak cache.
[2023.03.16-15.13.41:181][  0]LogDerivedDataCache: Unable to find inner node CompressedPak for hierarchical cache Hierarchy.
[2023.03.16-15.13.41:200][  0]LogDerivedDataCache: Display: Pak cache opened for reading ../../../Engine/DerivedDataCache/Compressed.ddp.
[2023.03.16-15.13.41:200][  0]LogDerivedDataCache: FDerivedDataBackendGraph:  EnterprisePak pak cache file ../../../Enterprise/DerivedDataCache/Compressed.ddp not found, will not use a pak cache.
[2023.03.16-15.13.41:200][  0]LogDerivedDataCache: Unable to find inner node EnterprisePak for hierarchical cache Hierarchy.
[2023.03.16-15.13.41:207][  0]LogDerivedDataCache: Speed tests for C:/Users/Дар'я/AppData/Local/UnrealEngine/Common/DerivedDataCache took 0.01 seconds
[2023.03.16-15.13.41:207][  0]LogDerivedDataCache: Display: Performance to C:/Users/Дар'я/AppData/Local/UnrealEngine/Common/DerivedDataCache: Latency=0.03ms. RandomReadSpeed=1166.04MBs, RandomWriteSpeed=177.04MBs. Assigned SpeedClass 'Local'
[2023.03.16-15.13.41:208][  0]LogDerivedDataCache: Using Local data cache path C:/Users/Дар'я/AppData/Local/UnrealEngine/Common/DerivedDataCache: Writable
[2023.03.16-15.13.41:208][  0]LogDerivedDataCache: Shared data cache path not found in *engine.ini, will not use an Shared cache.
[2023.03.16-15.13.41:208][  0]LogDerivedDataCache: Unable to find inner node Shared for hierarchical cache Hierarchy.
[2023.03.16-15.13.41:250][  0]LogSlate: Using FreeType 2.10.0
[2023.03.16-15.13.41:250][  0]LogSlate: SlateFontServices - WITH_FREETYPE: 1, WITH_HARFBUZZ: 1
[2023.03.16-15.13.41:275][  0]LogAssetRegistry: FAssetRegistry took 0.0034 seconds to start up
[2023.03.16-15.13.41:539][  0]LogInit: Selected Device Profile: [Windows]
[2023.03.16-15.13.41:539][  0]LogInit: Active device profile: [0000019FBBB60F00][0000019FB8ED6CC0 49] Windows
[2023.03.16-15.13.41:539][  0]LogInit: Profiles: [0000019FBBB60F00][0000019FB8ED6CC0 49] Windows, [0000019FBBB22400][0000019FB8EDAE40 49] WindowsNoEditor, [0000019FBBB61F00][0000019FB8EDEFC0 49] WindowsServer, [0000019FBBB21600][0000019FB8EE3140 49] WindowsClient, [0000019FBBB61000][0000019FBB3492C0 49] IOS, [0000019FBBB23A00][0000019FBB34D440 49] iPadAir, [0000019FBBB63300][0000019FAE4D55C0 49] iPadAir2, [0000019FBBAA1300][0000019FBB59D880 49] IPadPro, [0000019FBBAA1400][0000019FBB55B8C0 49] iPadAir3, [0000019FBBB20B00][0000019FBB667A40 49] iPadAir4, [0000019FBBAA2100][0000019FBB66BBC0 49] iPadMini2, [0000019FBBB23400][0000019FBB66E1C0 49] iPadMini3, [0000019FBBAA2C00][0000019FBB672340 49] iPadMini4, [0000019FBBB22700][0000019FBB6764C0 49] iPadMini5, [0000019FBBAB4E00][0000019FBB67E780 49] iPhone6, [0000019FBBAB4F00][0000019FBB67A7C0 49] iPodTouch6, [0000019FBBB62800][0000019FB871AA40 49] iPhone7, [0000019FBBB62900][0000019FAE45CA80 49] iPodTouch7, [0000019FBBAA0C00][0000019FAE460BC0 49] iPhone5S, [0000019FBBB61300][0000019FAE464D00 49] iPhone6Plus, [0000019FBBAA2A00][0000019FAE46CE80 49] iPhone6S, [0000019FBBB62D00][0000019FAE471000 49] iPhone6SPlus, [0000019FBBAB4100][0000019FAE475180 49] iPhone7Plus, [0000019FBBAA1D00][0000019FAE47D300 49] iPhoneSE, [0000019FBBAB4C00][0000019FAE481480 49] iPhone8, [0000019FBBAA0400][0000019FAE485600 49] iPhone8Plus, [0000019FBBAB6A00][0000019FAE48D780 49] iPhoneX, [0000019FBBAA3C00][0000019FAE491900 49] iPhoneXS, [0000019FBBAB6900][0000019FBB30BA80 49] iPhoneXSMax, [0000019FBBAA0B00][0000019FBB315C00 49] iPhoneXR, [0000019FBBB63800][0000019FB823C200 49] iPhone11, [0000019FBBAA3D00][0000019FB8390380 49] iPhone11Pro, [0000019FBBB61C00][0000019FB8394500 49] iPhone11ProMax, [0000019FBBAA1100][0000019FB8398680 49] iPhoneSE2, [0000019FBBB61200][0000019FB839C800 49] iPhone12Mini, [0000019FBBAA3100][0000019FB83A6980 49] iPhone12, [0000019FBBB60900][0000019FB83AAB00 49] iPhone12Pro, [0000019FBBAA0D00][0000019FAE468C40 49] iPhone12ProMax, [0000019FBBB63C00][0000019FB83AED80 49] iPadPro105, [0000019FBBAA3700][0000019FB83B2EC0 49] iPadPro129, [0000019FBBB63000][0000019FBAFE1040 49] iPadPro97, [0000019FBBAA0F00][0000019FAC03F1C0 49] iPadPro2_129, [0000019FBBB60C00][0000019FAC043340 49] iPad5, [0000019FBBAA3B00][0000019FAC04B4C0 49] iPad6, [0000019FBBB60400][0000019FAC04F640 49] iPad7, [0000019FBBAA3E00][0000019FAC0537C0 49] iPad8, [0000019FBBB61B00][0000019FBB713940 49] iPadPro11, [0000019FBBAA2400][0000019FBB717AC0 49] iPadPro2_11, [0000019FBBB60800][0000019FBB3180C0 49] iPadPro3_129, [0000019FBBAA2800][0000019FBB31C240 49] iPadPro4_129, [0000019FBBB62F00][0000019FBB3203C0 49] AppleTV, [0000019FBBAA1200][0000019FAC046540 49] AppleTV4K, [0000019FBBB61700][0000019FBB32C6C0 49] TVOS, [0000019FBBAA3600][0000019FBB01A840 49] Mac, [0000019FBBB63A00][0000019FBB3309C0 49] MacClient, [0000019FBBAA2500][0000019FBB334B40 49] MacNoEditor, [0000019FBBB60500][0000019FBB734CC0 49] MacServer, [0000019FBBAA2000][0000019FBAFDCE00 49] Linux, [0000019FBBB63B00][0000019FBB738F40 49] LinuxAArch64, [0000019FBBAA0300][0000019FAE489080 49] LinuxNoEditor, [0000019FBBB63700][0000019FBB6631C0 49] LinuxAArch64NoEditor, [0000019FBBAA2600][0000019FBB645340 49] LinuxClient, [0000019FBBB62600][0000019FBB6414C0 49] LinuxAArch64Client, [0000019FBBAA1A00][0000019FBB63D640 49] LinuxServer, [0000019FBBB60200][0000019FBB6397C0 49] LinuxAArch64Server, [0000019FBBAA1600][0000019FBB635940 49] Android, [0000019FBBB62100][0000019FBB631AC0 49] Android_Low, [0000019FBBAA3800][0000019FBB62C0C0 49] Android_Mid, [0000019FBBB60600][0000019FBB628240 49] Android_High, [0000019FBBAA2300][0000019FBB6243C0 49] Android_Default, [0000019FBBB62300][0000019FBB620540 49] Android_Adreno4xx, [0000019FBBAA3000][0000019FBB61C6C0 49] Android_Adreno5xx_Low, [0000019FBBB62A00][0000019FBB618840 49] Android_Adreno5xx, [0000019FBBAA0100][0000019FBB6149C0 49] Android_Adreno6xx, [0000019FBBB60B00][0000019FBB610B40 49] Android_Adreno6xx_Vulkan, [0000019FBBAA0A00][0000019FBB60CCC0 49] Android_Mali_T6xx, [0000019FBBB60700][0000019FBB608E40 49] Android_Mali_T7xx, [0000019FBBB21A00][0000019FBB648F80 49] Android_Mali_T8xx, [0000019FBBAB4300][0000019FBB6050C0 49] Android_Mali_G71, [0000019FBBB20600][0000019FBB601200 49] Android_Mali_G72, [0000019FBBAB5200][0000019FBB5FD340 49] Android_Mali_G72_Vulkan, [0000019FBBB23E00][0000019FBB5F54C0 49] Android_Mali_G76, [0000019FBBAB4700][0000019FBB5F1640 49] Android_Mali_G76_Vulkan, [0000019FBBB23D00][0000019FBB5ED7C0 49] Android_Mali_G77, [0000019FBBAB7B00][0000019FBB5E9940 49] Android_Mali_G77_Vulkan, [0000019FBBB21B00][0000019FBB5E5AC0 49] Android_Mali_G78, [0000019FBBAB7100][0000019FBB5E00C0 49] Android_Mali_G78_Vulkan, [0000019FBBB23900][0000019FBB5DC240 49] Android_Mali_G710, [0000019FBBAB6C00][0000019FBB5D83C0 49] Android_Mali_G710_Vulkan, [0000019FBBB23600][0000019FBB5D4540 49] Android_Vulkan_SM5, [0000019FBBAB7800][0000019FBB5D06C0 49] Android_PowerVR_G6xxx, [0000019FBBB21900][0000019FBB5CC840 49] Android_PowerVR_GT7xxx, [0000019FBBAB5D00][0000019FBB5C89C0 49] Android_PowerVR_GE8xxx, [0000019FBBB22D00][0000019FBB5C4B40 49] Android_PowerVR_GM9xxx, [0000019FBBAB4800][0000019FBB5C0CC0 49] Android_PowerVR_GM9xxx_Vulkan, [0000019FBBB21C00][0000019FBB5BCE40 49] Android_TegraK1, [0000019FBBAB5000][0000019FBB5B8FC0 49] Android_Unknown_Vulkan, [0000019FBBB22300][0000019FBB5B5140 49] Lumin, [0000019FBBAB7E00][0000019FBB5F9280 49] Lumin_Desktop, [0000019FBBB22B00][0000019FBB5B13C0 49] HoloLens, 
[2023.03.16-15.13.41:666][  0]LogMeshReduction: Using QuadricMeshReduction for automatic static mesh reduction
[2023.03.16-15.13.41:666][  0]LogMeshReduction: Using SimplygonMeshReduction for automatic skeletal mesh reduction
[2023.03.16-15.13.41:666][  0]LogMeshReduction: Using ProxyLODMeshReduction for automatic mesh merging
[2023.03.16-15.13.41:666][  0]LogMeshReduction: No distributed automatic mesh merging module available
[2023.03.16-15.13.41:666][  0]LogMeshMerging: No distributed automatic mesh merging module available
[2023.03.16-15.13.41:682][  0]LogNetVersion: MyProject2 1.0.0, NetCL: 17155196, EngineNetVer: 17, GameNetVer: 0 (Checksum: 1659861177)
[2023.03.16-15.13.42:071][  0]LogTexture: Default maximum texture size for cubemaps generated from long-lat sources has been changed from 512 to unlimited. In order to preserve old behaiour for '/Engine/MapTemplates/Sky/DaylightAmbientCubemap.DaylightAmbientCubemap', its maximum texture size has been explicitly set to 512.
[2023.03.16-15.13.42:128][  0]LogHMD: PokeAHoleMaterial loaded successfully
[2023.03.16-15.13.42:135][  0]LogUObjectArray: 17178 objects as part of root set at end of initial load.
[2023.03.16-15.13.42:135][  0]LogUObjectAllocator: 4302048 out of 0 bytes used by permanent object pool.
[2023.03.16-15.13.42:135][  0]LogUObjectArray: CloseDisregardForGC: 0/0 objects in disregard for GC pool
[2023.03.16-15.13.42:434][  0]LogNiagaraDebuggerClient: Niagara Debugger Client Initialized | Session: 2F514A4D4E6379AD3F705593DF6DA7EB | Instance: D8BB4FE8424BB300201006906C5A8F33 (DESKTOP-RLQCT4O-14108).
[2023.03.16-15.13.42:471][  0]LogPython: Using Python 3.7.7
[2023.03.16-15.13.43:075][  0]LogTcpMessaging: Initializing TcpMessaging bridge
[2023.03.16-15.13.43:081][  0]LogUdpMessaging: Initializing bridge on interface 0.0.0.0:0 to multicast group 230.0.0.1:6666.
[2023.03.16-15.13.43:493][  0]LogOpenImageDenoise: OIDN starting up
[2023.03.16-15.13.43:556][  0]LogAndroidPermission: UAndroidPermissionCallbackProxy::GetInstance
[2023.03.16-15.13.43:582][  0]LogAudioCaptureCore: Display: No Audio Capture implementations found. Audio input will be silent.
[2023.03.16-15.13.43:582][  0]LogAudioCaptureCore: Display: No Audio Capture implementations found. Audio input will be silent.
[2023.03.16-15.13.43:729][  0]SourceControl: Source control is disabled
[2023.03.16-15.13.43:729][  0]SourceControl: Source control is disabled
[2023.03.16-15.13.43:732][  0]SourceControl: Source control is disabled
[2023.03.16-15.13.43:736][  0]SourceControl: Source control is disabled
[2023.03.16-15.13.43:744][  0]SourceControl: Source control is disabled
[2023.03.16-15.13.43:751][  0]LogUProjectInfo: Found projects:
[2023.03.16-15.13.43:756][  0]LogVSAccessor: Display: Unable to create Visual Studio setup instance: 80040154
[2023.03.16-15.13.43:757][  0]LogVSAccessor: Display: Unable to create Visual Studio setup instance: 80040154
[2023.03.16-15.13.43:758][  0]LogVSAccessor: Display: Unable to create Visual Studio setup instance: 80040154
[2023.03.16-15.13.43:773][  0]LogCollectionManager: Loaded 0 collections in 0.002148 seconds
[2023.03.16-15.13.43:802][  0]LogFileCache: Scanning file cache for directory 'C:/Users/Дар'я/Documents/Unreal Projects/2/MyProject2/Saved/Collections/' took 0.00s
[2023.03.16-15.13.43:802][  0]LogFileCache: Scanning file cache for directory 'C:/Users/Дар'я/Documents/Unreal Projects/2/MyProject2/Content/Developers/Даря/Collections/' took 0.00s
[2023.03.16-15.13.43:802][  0]LogFileCache: Scanning file cache for directory 'C:/Users/Дар'я/Documents/Unreal Projects/2/MyProject2/Content/Collections/' took 0.00s
[2023.03.16-15.13.43:802][  0]LogOcInput: OculusInput pre-init called
[2023.03.16-15.13.44:037][  0]LogEngine: Initializing Engine...
[2023.03.16-15.13.44:040][  0]LogHMD: Failed to enumerate extensions. Please check that you have a valid OpenXR runtime installed.
[2023.03.16-15.13.44:041][  0]LogHMD: Failed to initialize OpenVR with code 110
[2023.03.16-15.13.44:041][  0]LogMagicLeap: Warning: VR disabled because ZI is not enabled.  To enable, in the editor, Edit -> Project Settings -> Plugins -> Magic Leap Plugin -> Enable Zero Iteration
[2023.03.16-15.13.44:042][  0]LogStats: UGameplayTagsManager::InitializeManager -  0.000 s
[2023.03.16-15.13.44:173][  0]LogInit: Initializing FReadOnlyCVARCache
[2023.03.16-15.13.44:187][  0]LogAIModule: Creating AISystem for world Untitled
[2023.03.16-15.13.44:193][  0]LogAudio: Display: Initializing Audio Device Manager...
[2023.03.16-15.13.44:198][  0]LogAudio: Display: Loading Default Audio Settings Objects...
[2023.03.16-15.13.44:199][  0]LogAudio: Display: No default SoundConcurrencyObject specified (or failed to load).
[2023.03.16-15.13.44:199][  0]LogAudio: Display: Audio Device Manager Initialized
[2023.03.16-15.13.44:199][  0]LogAudio: Display: Creating Audio Device:                 Id: 1, Scope: Shared, Realtime: True
[2023.03.16-15.13.44:199][  0]LogAudioMixer: Display: Audio Mixer Platform Settings:
[2023.03.16-15.13.44:199][  0]LogAudioMixer: Display: 	Sample Rate:						  48000
[2023.03.16-15.13.44:199][  0]LogAudioMixer: Display: 	Callback Buffer Frame Size Requested: 1024
[2023.03.16-15.13.44:199][  0]LogAudioMixer: Display: 	Callback Buffer Frame Size To Use:	  1024
[2023.03.16-15.13.44:199][  0]LogAudioMixer: Display: 	Number of buffers to queue:			  2
[2023.03.16-15.13.44:199][  0]LogAudioMixer: Display: 	Max Channels (voices):				  32
[2023.03.16-15.13.44:199][  0]LogAudioMixer: Display: 	Number of Async Source Workers:		  0
[2023.03.16-15.13.44:199][  0]LogAudio: Display: AudioDevice MaxSources: 32
[2023.03.16-15.13.44:199][  0]LogAudio: Display: Audio Spatialization Plugin: None (built-in).
[2023.03.16-15.13.44:199][  0]LogAudio: Display: Audio Reverb Plugin: None (built-in).
[2023.03.16-15.13.44:200][  0]LogAudio: Display: Audio Occlusion Plugin: None (built-in).
[2023.03.16-15.13.44:200][  0]LogAudioMixer: Display: Initializing audio mixer.
[2023.03.16-15.13.44:212][  0]LogAudioMixer: Display: 0: FrontLeft
[2023.03.16-15.13.44:212][  0]LogAudioMixer: Display: 1: FrontRight
[2023.03.16-15.13.44:240][  0]LogAudioMixer: Display: Using Audio Device Headphones (Realtek(R) Audio)
[2023.03.16-15.13.44:242][  0]LogAudioMixer: Display: Initializing Sound Submixes...
[2023.03.16-15.13.44:245][  0]LogAudioMixer: Display: Creating Master Submix 'MasterSubmixDefault'
[2023.03.16-15.13.44:246][  0]LogAudioMixer: Display: Creating Master Submix 'MasterReverbSubmixDefault'
[2023.03.16-15.13.44:246][  0]LogAudioMixer: Display: Creating Master Submix 'MasterEQSubmixDefault'
[2023.03.16-15.13.44:246][  0]LogAudioMixer: FMixerPlatformXAudio2::StartAudioStream() called
[2023.03.16-15.13.44:246][  0]LogAudioMixer: Display: Output buffers initialized: Frames=1024, Channels=2, Samples=2048
[2023.03.16-15.13.44:248][  0]LogAudioMixer: Display: Starting AudioMixerPlatformInterface::RunInternal()
[2023.03.16-15.13.44:248][  0]LogAudioMixer: Display: FMixerPlatformXAudio2::SubmitBuffer() called for the first time
[2023.03.16-15.13.44:248][  0]LogInit: FAudioDevice initialized.
[2023.03.16-15.13.44:248][  0]LogAudio: Display: Audio Device (ID: 1) registered with world 'Untitled'.
[2023.03.16-15.13.44:248][  0]LogNetVersion: Set ProjectVersion to 1.0.0.0. Version Checksum will be recalculated on next use.
[2023.03.16-15.13.44:311][  0]LogDerivedDataCache: Saved boot cache 0.06s 94MB C:/Users/Дар'я/AppData/Local/UnrealEngine/4.27/DerivedDataCache/Boot.ddc.
[2023.03.16-15.13.44:311][  0]LogInit: Texture streaming: Enabled
[2023.03.16-15.13.44:325][  0]LogAnalytics: Display: [UEEditor.Rocket.Release] APIServer = https://datarouter.ol.epicgames.com/. AppVersion = 4.27.2-18319896+++UE4+Release-4.27
[2023.03.16-15.13.44:331][  0]LogEngineSessionManager: EngineSessionManager initialized
[2023.03.16-15.13.44:331][  0]LogEditorSessionSummary: Verbose: Initializing EditorSessionSummaryWriter for editor session tracking
[2023.03.16-15.13.44:341][  0]LogEditorSessionSummary: EditorSessionSummaryWriter initialized
[2023.03.16-15.13.44:369][  0]LogInit: Transaction tracking system initialized
[2023.03.16-15.13.44:392][  0]BlueprintLog: New page: Editor Load
[2023.03.16-15.13.44:465][  0]LocalizationService: Localization service is disabled
[2023.03.16-15.13.44:491][  0]TimingProfiler: Initialize
[2023.03.16-15.13.44:491][  0]TimingProfiler: OnSessionChanged
[2023.03.16-15.13.44:491][  0]LoadingProfiler: Initialize
[2023.03.16-15.13.44:491][  0]LoadingProfiler: OnSessionChanged
[2023.03.16-15.13.44:491][  0]NetworkingProfiler: Initialize
[2023.03.16-15.13.44:491][  0]NetworkingProfiler: OnSessionChanged
[2023.03.16-15.13.44:491][  0]MemoryProfiler: Initialize
[2023.03.16-15.13.44:491][  0]MemoryProfiler: OnSessionChanged
[2023.03.16-15.13.44:553][  0]LogVSAccessor: Display: Unable to create Visual Studio setup instance: 80040154
[2023.03.16-15.13.44:554][  0]LogVSAccessor: Display: Unable to create Visual Studio setup instance: 80040154
[2023.03.16-15.13.44:555][  0]LogVSAccessor: Display: Unable to create Visual Studio setup instance: 80040154
[2023.03.16-15.13.44:654][  0]LogCook: Display: CookSettings for Memory: MemoryMaxUsedVirtual 0MiB, MemoryMaxUsedPhysical 16384MiB, MemoryMinFreeVirtual 0MiB, MemoryMinFreePhysical 1024MiB
[2023.03.16-15.13.44:654][  0]LogCook: Display: Mobile HDR setting 1
[2023.03.16-15.13.44:866][  0]LogFileCache: Scanning file cache for directory 'C:/Users/Дар'я/Documents/Unreal Projects/2/MyProject2/Content/' took 0.01s
[2023.03.16-15.13.45:055][  0]LogInit: Display: Engine is initialized. Leaving FEngineLoop::Init()
[2023.03.16-15.13.45:062][  0]SourceControl: Source control is disabled
[2023.03.16-15.13.45:062][  0]LogUnrealEdMisc: Loading editor; pre map load, took 7.114
[2023.03.16-15.13.45:063][  0]Cmd: MAP LOAD FILE="../../../Engine/Content/Maps/Templates/Template_Default.umap" TEMPLATE=1 SHOWPROGRESS=1 FEATURELEVEL=3
[2023.03.16-15.13.45:063][  0]LightingResults: New page: Lighting Build
[2023.03.16-15.13.45:064][  0]LogWorld: UWorld::CleanupWorld for Untitled, bSessionEnded=true, bCleanupResources=true
[2023.03.16-15.13.45:065][  0]LogSlate: InvalidateAllWidgets triggered.  All widgets were invalidated
[2023.03.16-15.13.45:065][  0]MapCheck: New page: Map Check
[2023.03.16-15.13.45:065][  0]LightingResults: New page: Lighting Build
[2023.03.16-15.13.45:069][  0]LogAudio: Display: Audio Device unregistered from world 'None'.
[2023.03.16-15.13.45:073][  0]LogUObjectHash: Compacting FUObjectHashTables data took   1.06ms
[2023.03.16-15.13.45:132][  0]LogTexture: Display: Building textures: DeprecatedTextureEB9CBE3C423008B5E8E130901E171C89 (BGRA8, 128X128)
[2023.03.16-15.13.45:136][  0]LogAudio: Display: Audio Device (ID: 1) registered with world 'Untitled_1'.
[2023.03.16-15.13.45:138][  0]LogAIModule: Creating AISystem for world Untitled_1
[2023.03.16-15.13.45:145][  0]LogEditorServer: Finished looking for orphan Actors (0.000 secs)
[2023.03.16-15.13.45:150][  0]LogUObjectHash: Compacting FUObjectHashTables data took   0.86ms
[2023.03.16-15.13.45:151][  0]Cmd: MAP CHECKDEP NOCLEARLOG
[2023.03.16-15.13.45:151][  0]MapCheck: Map check complete: 0 Error(s), 0 Warning(s), took 0,229ms to complete.
[2023.03.16-15.13.45:151][  0]LogFileHelpers: Loading map 'Template_Default' took 0.088
[2023.03.16-15.13.45:153][  0]LogUnrealEdMisc: Total Editor Startup Time, took 7.204
[2023.03.16-15.13.45:293][  0]LogSlate: Updating window title bar state: overlay mode, drag disabled, window buttons hidden, title bar hidden
[2023.03.16-15.13.45:300][  0]LogSlate: Updating window title bar state: overlay mode, drag disabled, window buttons hidden, title bar hidden
[2023.03.16-15.13.45:306][  0]LogSlate: Updating window title bar state: overlay mode, drag disabled, window buttons hidden, title bar hidden
[2023.03.16-15.13.45:313][  0]LogSlate: Updating window title bar state: overlay mode, drag disabled, window buttons hidden, title bar hidden
[2023.03.16-15.13.45:333][  0]LogNativeClassHierarchy: Verbose: Native class hierarchy populated in 0.0111 seconds. Added 3822 classes and 928 folders.
[2023.03.16-15.13.45:337][  0]LogNativeClassHierarchy: Verbose: Native class hierarchy updated for 'WidgetCarousel' in 0.0003 seconds. Added 0 classes and 0 folders.
[2023.03.16-15.13.45:341][  0]LogPakFile: PakFile PrimaryIndexSize=187
[2023.03.16-15.13.45:341][  0]LogPakFile: PakFile PathHashIndexSize=101
[2023.03.16-15.13.45:341][  0]LogPakFile: PakFile FullDirectoryIndexSize=148
[2023.03.16-15.13.45:341][  0]LogShaderLibrary: Display: ShaderCodeLibraryPakFileMountedCallback: PakFile 'C:/Program Files/Epic Games/UE_4.27/FeaturePacks/FP_FirstPerson.upack' (chunk index -1, root 'root:/') mounted
[2023.03.16-15.13.45:341][  0]LogShaderLibrary: Display: ShaderCodeLibraryPakFileMountedCallback: pending pak file info (ChunkID:-1 Root:root:/ File:C:/Program Files/Epic Games/UE_4.27/FeaturePacks/FP_FirstPerson.upack)
[2023.03.16-15.13.45:341][  0]LogPakFile: OnPakFileMounted2Time == 0.000062
[2023.03.16-15.13.45:342][  0]LogPakFile: PakFile PrimaryIndexSize=189
[2023.03.16-15.13.45:343][  0]LogPakFile: PakFile PathHashIndexSize=101
[2023.03.16-15.13.45:343][  0]LogPakFile: PakFile FullDirectoryIndexSize=152
[2023.03.16-15.13.45:343][  0]LogShaderLibrary: Display: ShaderCodeLibraryPakFileMountedCallback: PakFile 'C:/Program Files/Epic Games/UE_4.27/FeaturePacks/FP_FirstPersonBP.upack' (chunk index -1, root 'root:/') mounted
[2023.03.16-15.13.45:343][  0]LogShaderLibrary: Display: ShaderCodeLibraryPakFileMountedCallback: pending pak file info (ChunkID:-1 Root:root:/ File:C:/Program Files/Epic Games/UE_4.27/FeaturePacks/FP_FirstPersonBP.upack)
[2023.03.16-15.13.45:343][  0]LogPakFile: OnPakFileMounted2Time == 0.000052
[2023.03.16-15.13.45:344][  0]LogPakFile: PakFile PrimaryIndexSize=191
[2023.03.16-15.13.45:344][  0]LogPakFile: PakFile PathHashIndexSize=101
[2023.03.16-15.13.45:344][  0]LogPakFile: PakFile FullDirectoryIndexSize=160
[2023.03.16-15.13.45:344][  0]LogShaderLibrary: Display: ShaderCodeLibraryPakFileMountedCallback: PakFile 'C:/Program Files/Epic Games/UE_4.27/FeaturePacks/MobileStarterContent.upack' (chunk index -1, root 'root:/') mounted
[2023.03.16-15.13.45:344][  0]LogShaderLibrary: Display: ShaderCodeLibraryPakFileMountedCallback: pending pak file info (ChunkID:-1 Root:root:/ File:C:/Program Files/Epic Games/UE_4.27/FeaturePacks/MobileStarterContent.upack)
[2023.03.16-15.13.45:344][  0]LogPakFile: OnPakFileMounted2Time == 0.000051
[2023.03.16-15.13.45:346][  0]LogPakFile: PakFile PrimaryIndexSize=185
[2023.03.16-15.13.45:346][  0]LogPakFile: PakFile PathHashIndexSize=101
[2023.03.16-15.13.45:346][  0]LogPakFile: PakFile FullDirectoryIndexSize=148
[2023.03.16-15.13.45:346][  0]LogShaderLibrary: Display: ShaderCodeLibraryPakFileMountedCallback: PakFile 'C:/Program Files/Epic Games/UE_4.27/FeaturePacks/StarterContent.upack' (chunk index -1, root 'root:/') mounted
[2023.03.16-15.13.45:346][  0]LogShaderLibrary: Display: ShaderCodeLibraryPakFileMountedCallback: pending pak file info (ChunkID:-1 Root:root:/ File:C:/Program Files/Epic Games/UE_4.27/FeaturePacks/StarterContent.upack)
[2023.03.16-15.13.45:346][  0]LogPakFile: OnPakFileMounted2Time == 0.000042
[2023.03.16-15.13.45:347][  0]LogPakFile: PakFile PrimaryIndexSize=190
[2023.03.16-15.13.45:348][  0]LogPakFile: PakFile PathHashIndexSize=101
[2023.03.16-15.13.45:348][  0]LogPakFile: PakFile FullDirectoryIndexSize=154
[2023.03.16-15.13.45:348][  0]LogShaderLibrary: Display: ShaderCodeLibraryPakFileMountedCallback: PakFile 'C:/Program Files/Epic Games/UE_4.27/FeaturePacks/TP_2DSideScroller.upack' (chunk index -1, root 'root:/') mounted
[2023.03.16-15.13.45:348][  0]LogShaderLibrary: Display: ShaderCodeLibraryPakFileMountedCallback: pending pak file info (ChunkID:-1 Root:root:/ File:C:/Program Files/Epic Games/UE_4.27/FeaturePacks/TP_2DSideScroller.upack)
[2023.03.16-15.13.45:348][  0]LogPakFile: OnPakFileMounted2Time == 0.000046
[2023.03.16-15.13.45:349][  0]LogPakFile: PakFile PrimaryIndexSize=192
[2023.03.16-15.13.45:349][  0]LogPakFile: PakFile PathHashIndexSize=101
[2023.03.16-15.13.45:349][  0]LogPakFile: PakFile FullDirectoryIndexSize=158
[2023.03.16-15.13.45:349][  0]LogShaderLibrary: Display: ShaderCodeLibraryPakFileMountedCallback: PakFile 'C:/Program Files/Epic Games/UE_4.27/FeaturePacks/TP_2DSideScrollerBP.upack' (chunk index -1, root 'root:/') mounted
[2023.03.16-15.13.45:349][  0]LogShaderLibrary: Display: ShaderCodeLibraryPakFileMountedCallback: pending pak file info (ChunkID:-1 Root:root:/ File:C:/Program Files/Epic Games/UE_4.27/FeaturePacks/TP_2DSideScrollerBP.upack)
[2023.03.16-15.13.45:349][  0]LogPakFile: OnPakFileMounted2Time == 0.000039
[2023.03.16-15.13.45:350][  0]LogPakFile: PakFile PrimaryIndexSize=182
[2023.03.16-15.13.45:350][  0]LogPakFile: PakFile PathHashIndexSize=101
[2023.03.16-15.13.45:350][  0]LogPakFile: PakFile FullDirectoryIndexSize=138
[2023.03.16-15.13.45:350][  0]LogShaderLibrary: Display: ShaderCodeLibraryPakFileMountedCallback: PakFile 'C:/Program Files/Epic Games/UE_4.27/FeaturePacks/TP_Flying.upack' (chunk index -1, root 'root:/') mounted
[2023.03.16-15.13.45:350][  0]LogShaderLibrary: Display: ShaderCodeLibraryPakFileMountedCallback: pending pak file info (ChunkID:-1 Root:root:/ File:C:/Program Files/Epic Games/UE_4.27/FeaturePacks/TP_Flying.upack)
[2023.03.16-15.13.45:350][  0]LogPakFile: OnPakFileMounted2Time == 0.000073
[2023.03.16-15.13.45:352][  0]LogPakFile: PakFile PrimaryIndexSize=184
[2023.03.16-15.13.45:352][  0]LogPakFile: PakFile PathHashIndexSize=101
[2023.03.16-15.13.45:352][  0]LogPakFile: PakFile FullDirectoryIndexSize=142
[2023.03.16-15.13.45:352][  0]LogShaderLibrary: Display: ShaderCodeLibraryPakFileMountedCallback: PakFile 'C:/Program Files/Epic Games/UE_4.27/FeaturePacks/TP_FlyingBP.upack' (chunk index -1, root 'root:/') mounted
[2023.03.16-15.13.45:352][  0]LogShaderLibrary: Display: ShaderCodeLibraryPakFileMountedCallback: pending pak file info (ChunkID:-1 Root:root:/ File:C:/Program Files/Epic Games/UE_4.27/FeaturePacks/TP_FlyingBP.upack)
[2023.03.16-15.13.45:352][  0]LogPakFile: OnPakFileMounted2Time == 0.000038
[2023.03.16-15.13.45:354][  0]LogPakFile: PakFile PrimaryIndexSize=188
[2023.03.16-15.13.45:354][  0]LogPakFile: PakFile PathHashIndexSize=101
[2023.03.16-15.13.45:354][  0]LogPakFile: PakFile FullDirectoryIndexSize=150
[2023.03.16-15.13.45:354][  0]LogShaderLibrary: Display: ShaderCodeLibraryPakFileMountedCallback: PakFile 'C:/Program Files/Epic Games/UE_4.27/FeaturePacks/TP_HandheldARBP.upack' (chunk index -1, root 'root:/') mounted
[2023.03.16-15.13.45:354][  0]LogShaderLibrary: Display: ShaderCodeLibraryPakFileMountedCallback: pending pak file info (ChunkID:-1 Root:root:/ File:C:/Program Files/Epic Games/UE_4.27/FeaturePacks/TP_HandheldARBP.upack)
[2023.03.16-15.13.45:354][  0]LogPakFile: OnPakFileMounted2Time == 0.000042
[2023.03.16-15.13.45:357][  0]LogPakFile: PakFile PrimaryIndexSize=182
[2023.03.16-15.13.45:357][  0]LogPakFile: PakFile PathHashIndexSize=101
[2023.03.16-15.13.45:357][  0]LogPakFile: PakFile FullDirectoryIndexSize=138
[2023.03.16-15.13.45:357][  0]LogShaderLibrary: Display: ShaderCodeLibraryPakFileMountedCallback: PakFile 'C:/Program Files/Epic Games/UE_4.27/FeaturePacks/TP_Puzzle.upack' (chunk index -1, root 'root:/') mounted
[2023.03.16-15.13.45:357][  0]LogShaderLibrary: Display: ShaderCodeLibraryPakFileMountedCallback: pending pak file info (ChunkID:-1 Root:root:/ File:C:/Program Files/Epic Games/UE_4.27/FeaturePacks/TP_Puzzle.upack)
[2023.03.16-15.13.45:357][  0]LogPakFile: OnPakFileMounted2Time == 0.000057
[2023.03.16-15.13.45:358][  0]LogPakFile: PakFile PrimaryIndexSize=184
[2023.03.16-15.13.45:358][  0]LogPakFile: PakFile PathHashIndexSize=101
[2023.03.16-15.13.45:358][  0]LogPakFile: PakFile FullDirectoryIndexSize=142
[2023.03.16-15.13.45:358][  0]LogShaderLibrary: Display: ShaderCodeLibraryPakFileMountedCallback: PakFile 'C:/Program Files/Epic Games/UE_4.27/FeaturePacks/TP_PuzzleBP.upack' (chunk index -1, root 'root:/') mounted
[2023.03.16-15.13.45:358][  0]LogShaderLibrary: Display: ShaderCodeLibraryPakFileMountedCallback: pending pak file info (ChunkID:-1 Root:root:/ File:C:/Program Files/Epic Games/UE_4.27/FeaturePacks/TP_PuzzleBP.upack)
[2023.03.16-15.13.45:358][  0]LogPakFile: OnPakFileMounted2Time == 0.000043
[2023.03.16-15.13.45:360][  0]LogPakFile: PakFile PrimaryIndexSize=183
[2023.03.16-15.13.45:360][  0]LogPakFile: PakFile PathHashIndexSize=101
[2023.03.16-15.13.45:360][  0]LogPakFile: PakFile FullDirectoryIndexSize=140
[2023.03.16-15.13.45:360][  0]LogShaderLibrary: Display: ShaderCodeLibraryPakFileMountedCallback: PakFile 'C:/Program Files/Epic Games/UE_4.27/FeaturePacks/TP_Rolling.upack' (chunk index -1, root 'root:/') mounted
[2023.03.16-15.13.45:360][  0]LogShaderLibrary: Display: ShaderCodeLibraryPakFileMountedCallback: pending pak file info (ChunkID:-1 Root:root:/ File:C:/Program Files/Epic Games/UE_4.27/FeaturePacks/TP_Rolling.upack)
[2023.03.16-15.13.45:360][  0]LogPakFile: OnPakFileMounted2Time == 0.000061
[2023.03.16-15.13.45:362][  0]LogPakFile: PakFile PrimaryIndexSize=185
[2023.03.16-15.13.45:362][  0]LogPakFile: PakFile PathHashIndexSize=101
[2023.03.16-15.13.45:362][  0]LogPakFile: PakFile FullDirectoryIndexSize=144
[2023.03.16-15.13.45:362][  0]LogShaderLibrary: Display: ShaderCodeLibraryPakFileMountedCallback: PakFile 'C:/Program Files/Epic Games/UE_4.27/FeaturePacks/TP_RollingBP.upack' (chunk index -1, root 'root:/') mounted
[2023.03.16-15.13.45:362][  0]LogShaderLibrary: Display: ShaderCodeLibraryPakFileMountedCallback: pending pak file info (ChunkID:-1 Root:root:/ File:C:/Program Files/Epic Games/UE_4.27/FeaturePacks/TP_RollingBP.upack)
[2023.03.16-15.13.45:362][  0]LogPakFile: OnPakFileMounted2Time == 0.000048
[2023.03.16-15.13.45:364][  0]LogPakFile: PakFile PrimaryIndexSize=188
[2023.03.16-15.13.45:364][  0]LogPakFile: PakFile PathHashIndexSize=101
[2023.03.16-15.13.45:364][  0]LogPakFile: PakFile FullDirectoryIndexSize=150
[2023.03.16-15.13.45:364][  0]LogShaderLibrary: Display: ShaderCodeLibraryPakFileMountedCallback: PakFile 'C:/Program Files/Epic Games/UE_4.27/FeaturePacks/TP_SideScroller.upack' (chunk index -1, root 'root:/') mounted
[2023.03.16-15.13.45:364][  0]LogShaderLibrary: Display: ShaderCodeLibraryPakFileMountedCallback: pending pak file info (ChunkID:-1 Root:root:/ File:C:/Program Files/Epic Games/UE_4.27/FeaturePacks/TP_SideScroller.upack)
[2023.03.16-15.13.45:364][  0]LogPakFile: OnPakFileMounted2Time == 0.000046
[2023.03.16-15.13.45:365][  0]LogPakFile: PakFile PrimaryIndexSize=190
[2023.03.16-15.13.45:365][  0]LogPakFile: PakFile PathHashIndexSize=101
[2023.03.16-15.13.45:365][  0]LogPakFile: PakFile FullDirectoryIndexSize=154
[2023.03.16-15.13.45:365][  0]LogShaderLibrary: Display: ShaderCodeLibraryPakFileMountedCallback: PakFile 'C:/Program Files/Epic Games/UE_4.27/FeaturePacks/TP_SideScrollerBP.upack' (chunk index -1, root 'root:/') mounted
[2023.03.16-15.13.45:365][  0]LogShaderLibrary: Display: ShaderCodeLibraryPakFileMountedCallback: pending pak file info (ChunkID:-1 Root:root:/ File:C:/Program Files/Epic Games/UE_4.27/FeaturePacks/TP_SideScrollerBP.upack)
[2023.03.16-15.13.45:365][  0]LogPakFile: OnPakFileMounted2Time == 0.000039
[2023.03.16-15.13.45:367][  0]LogPakFile: PakFile PrimaryIndexSize=187
[2023.03.16-15.13.45:367][  0]LogPakFile: PakFile PathHashIndexSize=101
[2023.03.16-15.13.45:367][  0]LogPakFile: PakFile FullDirectoryIndexSize=148
[2023.03.16-15.13.45:367][  0]LogShaderLibrary: Display: ShaderCodeLibraryPakFileMountedCallback: PakFile 'C:/Program Files/Epic Games/UE_4.27/FeaturePacks/TP_ThirdPerson.upack' (chunk index -1, root 'root:/') mounted
[2023.03.16-15.13.45:367][  0]LogShaderLibrary: Display: ShaderCodeLibraryPakFileMountedCallback: pending pak file info (ChunkID:-1 Root:root:/ File:C:/Program Files/Epic Games/UE_4.27/FeaturePacks/TP_ThirdPerson.upack)
[2023.03.16-15.13.45:367][  0]LogPakFile: OnPakFileMounted2Time == 0.000041
[2023.03.16-15.13.45:368][  0]LogPakFile: PakFile PrimaryIndexSize=189
[2023.03.16-15.13.45:368][  0]LogPakFile: PakFile PathHashIndexSize=101
[2023.03.16-15.13.45:368][  0]LogPakFile: PakFile FullDirectoryIndexSize=152
[2023.03.16-15.13.45:368][  0]LogShaderLibrary: Display: ShaderCodeLibraryPakFileMountedCallback: PakFile 'C:/Program Files/Epic Games/UE_4.27/FeaturePacks/TP_ThirdPersonBP.upack' (chunk index -1, root 'root:/') mounted
[2023.03.16-15.13.45:368][  0]LogShaderLibrary: Display: ShaderCodeLibraryPakFileMountedCallback: pending pak file info (ChunkID:-1 Root:root:/ File:C:/Program Files/Epic Games/UE_4.27/FeaturePacks/TP_ThirdPersonBP.upack)
[2023.03.16-15.13.45:368][  0]LogPakFile: OnPakFileMounted2Time == 0.000048
[2023.03.16-15.13.45:370][  0]LogPakFile: PakFile PrimaryIndexSize=183
[2023.03.16-15.13.45:370][  0]LogPakFile: PakFile PathHashIndexSize=101
[2023.03.16-15.13.45:370][  0]LogPakFile: PakFile FullDirectoryIndexSize=140
[2023.03.16-15.13.45:370][  0]LogShaderLibrary: Display: ShaderCodeLibraryPakFileMountedCallback: PakFile 'C:/Program Files/Epic Games/UE_4.27/FeaturePacks/TP_TopDown.upack' (chunk index -1, root 'root:/') mounted
[2023.03.16-15.13.45:370][  0]LogShaderLibrary: Display: ShaderCodeLibraryPakFileMountedCallback: pending pak file info (ChunkID:-1 Root:root:/ File:C:/Program Files/Epic Games/UE_4.27/FeaturePacks/TP_TopDown.upack)
[2023.03.16-15.13.45:370][  0]LogPakFile: OnPakFileMounted2Time == 0.000049
[2023.03.16-15.13.45:371][  0]LogPakFile: PakFile PrimaryIndexSize=185
[2023.03.16-15.13.45:371][  0]LogPakFile: PakFile PathHashIndexSize=101
[2023.03.16-15.13.45:371][  0]LogPakFile: PakFile FullDirectoryIndexSize=144
[2023.03.16-15.13.45:371][  0]LogShaderLibrary: Display: ShaderCodeLibraryPakFileMountedCallback: PakFile 'C:/Program Files/Epic Games/UE_4.27/FeaturePacks/TP_TopDownBP.upack' (chunk index -1, root 'root:/') mounted
[2023.03.16-15.13.45:371][  0]LogShaderLibrary: Display: ShaderCodeLibraryPakFileMountedCallback: pending pak file info (ChunkID:-1 Root:root:/ File:C:/Program Files/Epic Games/UE_4.27/FeaturePacks/TP_TopDownBP.upack)
[2023.03.16-15.13.45:371][  0]LogPakFile: OnPakFileMounted2Time == 0.000048
[2023.03.16-15.13.45:373][  0]LogPakFile: PakFile PrimaryIndexSize=185
[2023.03.16-15.13.45:373][  0]LogPakFile: PakFile PathHashIndexSize=101
[2023.03.16-15.13.45:373][  0]LogPakFile: PakFile FullDirectoryIndexSize=144
[2023.03.16-15.13.45:373][  0]LogShaderLibrary: Display: ShaderCodeLibraryPakFileMountedCallback: PakFile 'C:/Program Files/Epic Games/UE_4.27/FeaturePacks/TP_TwinStick.upack' (chunk index -1, root 'root:/') mounted
[2023.03.16-15.13.45:373][  0]LogShaderLibrary: Display: ShaderCodeLibraryPakFileMountedCallback: pending pak file info (ChunkID:-1 Root:root:/ File:C:/Program Files/Epic Games/UE_4.27/FeaturePacks/TP_TwinStick.upack)
[2023.03.16-15.13.45:373][  0]LogPakFile: OnPakFileMounted2Time == 0.000106
[2023.03.16-15.13.45:380][  0]LogPakFile: PakFile PrimaryIndexSize=187
[2023.03.16-15.13.45:380][  0]LogPakFile: PakFile PathHashIndexSize=101
[2023.03.16-15.13.45:380][  0]LogPakFile: PakFile FullDirectoryIndexSize=148
[2023.03.16-15.13.45:380][  0]LogShaderLibrary: Display: ShaderCodeLibraryPakFileMountedCallback: PakFile 'C:/Program Files/Epic Games/UE_4.27/FeaturePacks/TP_TwinStickBP.upack' (chunk index -1, root 'root:/') mounted
[2023.03.16-15.13.45:380][  0]LogShaderLibrary: Display: ShaderCodeLibraryPakFileMountedCallback: pending pak file info (ChunkID:-1 Root:root:/ File:C:/Program Files/Epic Games/UE_4.27/FeaturePacks/TP_TwinStickBP.upack)
[2023.03.16-15.13.45:380][  0]LogPakFile: OnPakFileMounted2Time == 0.000074
[2023.03.16-15.13.45:382][  0]LogPakFile: PakFile PrimaryIndexSize=183
[2023.03.16-15.13.45:382][  0]LogPakFile: PakFile PathHashIndexSize=101
[2023.03.16-15.13.45:382][  0]LogPakFile: PakFile FullDirectoryIndexSize=140
[2023.03.16-15.13.45:382][  0]LogShaderLibrary: Display: ShaderCodeLibraryPakFileMountedCallback: PakFile 'C:/Program Files/Epic Games/UE_4.27/FeaturePacks/TP_Vehicle.upack' (chunk index -1, root 'root:/') mounted
[2023.03.16-15.13.45:382][  0]LogShaderLibrary: Display: ShaderCodeLibraryPakFileMountedCallback: pending pak file info (ChunkID:-1 Root:root:/ File:C:/Program Files/Epic Games/UE_4.27/FeaturePacks/TP_Vehicle.upack)
[2023.03.16-15.13.45:382][  0]LogPakFile: OnPakFileMounted2Time == 0.000041
[2023.03.16-15.13.45:384][  0]LogPakFile: PakFile PrimaryIndexSize=186
[2023.03.16-15.13.45:384][  0]LogPakFile: PakFile PathHashIndexSize=101
[2023.03.16-15.13.45:384][  0]LogPakFile: PakFile FullDirectoryIndexSize=146
[2023.03.16-15.13.45:384][  0]LogShaderLibrary: Display: ShaderCodeLibraryPakFileMountedCallback: PakFile 'C:/Program Files/Epic Games/UE_4.27/FeaturePacks/TP_VehicleAdv.upack' (chunk index -1, root 'root:/') mounted
[2023.03.16-15.13.45:384][  0]LogShaderLibrary: Display: ShaderCodeLibraryPakFileMountedCallback: pending pak file info (ChunkID:-1 Root:root:/ File:C:/Program Files/Epic Games/UE_4.27/FeaturePacks/TP_VehicleAdv.upack)
[2023.03.16-15.13.45:384][  0]LogPakFile: OnPakFileMounted2Time == 0.000080
[2023.03.16-15.13.45:386][  0]LogPakFile: PakFile PrimaryIndexSize=188
[2023.03.16-15.13.45:386][  0]LogPakFile: PakFile PathHashIndexSize=101
[2023.03.16-15.13.45:386][  0]LogPakFile: PakFile FullDirectoryIndexSize=150
[2023.03.16-15.13.45:386][  0]LogShaderLibrary: Display: ShaderCodeLibraryPakFileMountedCallback: PakFile 'C:/Program Files/Epic Games/UE_4.27/FeaturePacks/TP_VehicleAdvBP.upack' (chunk index -1, root 'root:/') mounted
[2023.03.16-15.13.45:386][  0]LogShaderLibrary: Display: ShaderCodeLibraryPakFileMountedCallback: pending pak file info (ChunkID:-1 Root:root:/ File:C:/Program Files/Epic Games/UE_4.27/FeaturePacks/TP_VehicleAdvBP.upack)
[2023.03.16-15.13.45:386][  0]LogPakFile: OnPakFileMounted2Time == 0.000052
[2023.03.16-15.13.45:388][  0]LogPakFile: PakFile PrimaryIndexSize=185
[2023.03.16-15.13.45:388][  0]LogPakFile: PakFile PathHashIndexSize=101
[2023.03.16-15.13.45:388][  0]LogPakFile: PakFile FullDirectoryIndexSize=144
[2023.03.16-15.13.45:388][  0]LogShaderLibrary: Display: ShaderCodeLibraryPakFileMountedCallback: PakFile 'C:/Program Files/Epic Games/UE_4.27/FeaturePacks/TP_VehicleBP.upack' (chunk index -1, root 'root:/') mounted
[2023.03.16-15.13.45:388][  0]LogShaderLibrary: Display: ShaderCodeLibraryPakFileMountedCallback: pending pak file info (ChunkID:-1 Root:root:/ File:C:/Program Files/Epic Games/UE_4.27/FeaturePacks/TP_VehicleBP.upack)
[2023.03.16-15.13.45:388][  0]LogPakFile: OnPakFileMounted2Time == 0.000045
[2023.03.16-15.13.45:390][  0]LogPakFile: PakFile PrimaryIndexSize=192
[2023.03.16-15.13.45:390][  0]LogPakFile: PakFile PathHashIndexSize=101
[2023.03.16-15.13.45:390][  0]LogPakFile: PakFile FullDirectoryIndexSize=158
[2023.03.16-15.13.45:390][  0]LogShaderLibrary: Display: ShaderCodeLibraryPakFileMountedCallback: PakFile 'C:/Program Files/Epic Games/UE_4.27/FeaturePacks/TP_VirtualRealityBP.upack' (chunk index -1, root 'root:/') mounted
[2023.03.16-15.13.45:391][  0]LogShaderLibrary: Display: ShaderCodeLibraryPakFileMountedCallback: pending pak file info (ChunkID:-1 Root:root:/ File:C:/Program Files/Epic Games/UE_4.27/FeaturePacks/TP_VirtualRealityBP.upack)
[2023.03.16-15.13.45:391][  0]LogPakFile: OnPakFileMounted2Time == 0.000052
[2023.03.16-15.13.45:527][  0]LogNativeClassHierarchy: Verbose: Native class hierarchy updated for 'AddContentDialog' in 0.0005 seconds. Added 0 classes and 0 folders.
[2023.03.16-15.13.45:528][  0]LogNativeClassHierarchy: Verbose: Native class hierarchy updated for 'SceneOutliner' in 0.0002 seconds. Added 2 classes and 0 folders.
[2023.03.16-15.13.45:572][  0]LogSlate: Took 0.000565 seconds to synchronously load lazily loaded font '../../../Engine/Content/Slate/Fonts/Roboto-Regular.ttf' (155K)
[2023.03.16-15.13.45:574][  0]LogSlate: Took 0.000671 seconds to synchronously load lazily loaded font '../../../Engine/Content/Editor/Slate/Fonts/FontAwesome.ttf' (139K)
[2023.03.16-15.13.45:575][  0]LogSlate: Took 0.000405 seconds to synchronously load lazily loaded font '../../../Engine/Content/Slate/Fonts/Roboto-Bold.ttf' (160K)
[2023.03.16-15.13.45:673][  0]LogRenderer: Reallocating scene render targets to support 1088x680 Format 10 NumSamples 1 (Frame:1).
[2023.03.16-15.13.45:807][  0]LogNativeClassHierarchy: Verbose: Native class hierarchy updated for 'HierarchicalLODOutliner' in 0.0003 seconds. Added 0 classes and 0 folders.
[2023.03.16-15.13.45:808][  0]LogLoad: (Engine Initialization) Total time: 7.86 seconds
[2023.03.16-15.13.45:808][  0]LogLoad: (Engine Initialization) Total Blueprint compile time: 0.00 seconds
[2023.03.16-15.13.45:876][  0]LogContentStreaming: Texture pool size now 1000 MB
[2023.03.16-15.13.45:899][  1]LogAssetRegistry: Asset discovery search completed in 4.6256 seconds
[2023.03.16-15.13.45:907][  1]LogCollectionManager: Fixed up redirectors for 0 collections in 0.000004 seconds (updated 0 objects)
[2023.03.16-15.13.45:952][  3]LogSlate: Took 0.001113 seconds to synchronously load lazily loaded font '../../../Engine/Content/Slate/Fonts/Roboto-Light.ttf' (167K)
[2023.03.16-15.13.46:844][ 50]LogSlate: Took 0.000457 seconds to synchronously load lazily loaded font '../../../Engine/Content/Slate/Fonts/Roboto-Light.ttf' (167K)
[2023.03.16-15.14.01:053][857]LogEditorClassViewer: Warning: Class /Engine/Tutorial/InWorldBlueprintEditing/TutorialAssets/IWBE_Blutility.IWBE_Blutility_C has parent /Script/Blutility.PlacedEditorUtilityBase, but this parent is not found. The Class will not be shown in ClassViewer.
[2023.03.16-15.14.04:494][857]LogSlate: Window 'Pick Parent Class' being destroyed
[2023.03.16-15.14.04:515][857]LogContentBrowser: Deferred new asset file creation: NewBlueprint
[2023.03.16-15.14.04:522][857]LogContentBrowser: Creating deferred item: NewBlueprint
[2023.03.16-15.14.12:535][332]LogContentBrowser: Attempting asset rename: NewBlueprint -> Test01
[2023.03.16-15.14.12:543][332]LogContentBrowser: End creating deferred item NewBlueprint
